{"C:\\Users\\ucler\\Desktop\\TAV-EGITIM-PANELI\\app\\login\\page.tsx": {"path":"C:\\Users\\ucler\\Desktop\\TAV-EGITIM-PANELI\\app\\login\\page.tsx","statementMap":{"0":{"start":{"line":7,"column":10},"end":{"line":7,"column":null}},"1":{"start":{"line":8,"column":30},"end":{"line":8,"column":null}},"2":{"start":{"line":9,"column":32},"end":{"line":9,"column":null}},"3":{"start":{"line":10,"column":26},"end":{"line":10,"column":null}},"4":{"start":{"line":11,"column":30},"end":{"line":11,"column":null}},"5":{"start":{"line":13,"column":25},"end":{"line":48,"column":null}},"6":{"start":{"line":14,"column":8},"end":{"line":14,"column":null}},"7":{"start":{"line":15,"column":8},"end":{"line":15,"column":null}},"8":{"start":{"line":16,"column":8},"end":{"line":16,"column":null}},"9":{"start":{"line":18,"column":8},"end":{"line":47,"column":null}},"10":{"start":{"line":19,"column":29},"end":{"line":28,"column":null}},"11":{"start":{"line":30,"column":25},"end":{"line":30,"column":null}},"12":{"start":{"line":32,"column":12},"end":{"line":36,"column":null}},"13":{"start":{"line":33,"column":16},"end":{"line":33,"column":null}},"14":{"start":{"line":34,"column":16},"end":{"line":34,"column":null}},"15":{"start":{"line":35,"column":16},"end":{"line":35,"column":null}},"16":{"start":{"line":39,"column":12},"end":{"line":43,"column":null}},"17":{"start":{"line":40,"column":16},"end":{"line":40,"column":null}},"18":{"start":{"line":42,"column":16},"end":{"line":42,"column":null}},"19":{"start":{"line":45,"column":12},"end":{"line":45,"column":null}},"20":{"start":{"line":46,"column":12},"end":{"line":46,"column":null}},"21":{"start":{"line":50,"column":4},"end":{"line":164,"column":null}},"22":{"start":{"line":97,"column":49},"end":{"line":97,"column":null}},"23":{"start":{"line":116,"column":49},"end":{"line":116,"column":null}}},"fnMap":{"0":{"name":"LoginPage","decl":{"start":{"line":6,"column":24},"end":{"line":6,"column":36}},"loc":{"start":{"line":6,"column":36},"end":{"line":166,"column":null}},"line":6},"1":{"name":"(anonymous_1)","decl":{"start":{"line":13,"column":25},"end":{"line":13,"column":32}},"loc":{"start":{"line":13,"column":55},"end":{"line":48,"column":null}},"line":13},"2":{"name":"(anonymous_2)","decl":{"start":{"line":97,"column":42},"end":{"line":97,"column":43}},"loc":{"start":{"line":97,"column":49},"end":{"line":97,"column":null}},"line":97},"3":{"name":"(anonymous_3)","decl":{"start":{"line":116,"column":42},"end":{"line":116,"column":43}},"loc":{"start":{"line":116,"column":49},"end":{"line":116,"column":null}},"line":116}},"branchMap":{"0":{"loc":{"start":{"line":32,"column":12},"end":{"line":36,"column":null}},"type":"if","locations":[{"start":{"line":32,"column":12},"end":{"line":36,"column":null}},{"start":{},"end":{}}],"line":32},"1":{"loc":{"start":{"line":39,"column":12},"end":{"line":43,"column":null}},"type":"if","locations":[{"start":{"line":39,"column":12},"end":{"line":43,"column":null}},{"start":{"line":41,"column":19},"end":{"line":43,"column":null}}],"line":39},"2":{"loc":{"start":{"line":79,"column":25},"end":{"line":82,"column":null}},"type":"binary-expr","locations":[{"start":{"line":79,"column":25},"end":{"line":79,"column":null}},{"start":{"line":80,"column":28},"end":{"line":82,"column":null}}],"line":79},"3":{"loc":{"start":{"line":129,"column":29},"end":{"line":153,"column":null}},"type":"cond-expr","locations":[{"start":{"line":130,"column":32},"end":{"line":151,"column":null}},{"start":{"line":153,"column":32},"end":{"line":153,"column":null}}],"line":129}},"s":{"0":13,"1":13,"2":13,"3":13,"4":13,"5":13,"6":2,"7":2,"8":2,"9":2,"10":2,"11":2,"12":2,"13":1,"14":1,"15":1,"16":1,"17":1,"18":0,"19":0,"20":0,"21":13,"22":3,"23":3},"f":{"0":13,"1":2,"2":3,"3":3},"b":{"0":[1,1],"1":[1,0],"2":[13,1],"3":[2,11]},"meta":{"lastBranch":4,"lastFunction":4,"lastStatement":24,"seen":{"f:6:24:6:36":0,"s:7:10:7:Infinity":0,"s:8:30:8:Infinity":1,"s:9:32:9:Infinity":2,"s:10:26:10:Infinity":3,"s:11:30:11:Infinity":4,"s:13:25:48:Infinity":5,"f:13:25:13:32":1,"s:14:8:14:Infinity":6,"s:15:8:15:Infinity":7,"s:16:8:16:Infinity":8,"s:18:8:47:Infinity":9,"s:19:29:28:Infinity":10,"s:30:25:30:Infinity":11,"b:32:12:36:Infinity:undefined:undefined:undefined:undefined":0,"s:32:12:36:Infinity":12,"s:33:16:33:Infinity":13,"s:34:16:34:Infinity":14,"s:35:16:35:Infinity":15,"b:39:12:43:Infinity:41:19:43:Infinity":1,"s:39:12:43:Infinity":16,"s:40:16:40:Infinity":17,"s:42:16:42:Infinity":18,"s:45:12:45:Infinity":19,"s:46:12:46:Infinity":20,"s:50:4:164:Infinity":21,"b:79:25:79:Infinity:80:28:82:Infinity":2,"f:97:42:97:43":2,"s:97:49:97:Infinity":22,"f:116:42:116:43":3,"s:116:49:116:Infinity":23,"b:130:32:151:Infinity:153:32:153:Infinity":3}}}
,"C:\\Users\\ucler\\Desktop\\TAV-EGITIM-PANELI\\lib\\utils.ts": {"path":"C:\\Users\\ucler\\Desktop\\TAV-EGITIM-PANELI\\lib\\utils.ts","statementMap":{"0":{"start":{"line":8,"column":4},"end":{"line":8,"column":null}},"1":{"start":{"line":15,"column":14},"end":{"line":15,"column":null}},"2":{"start":{"line":16,"column":4},"end":{"line":16,"column":null}},"3":{"start":{"line":23,"column":4},"end":{"line":23,"column":null}},"4":{"start":{"line":30,"column":4},"end":{"line":30,"column":null}},"5":{"start":{"line":37,"column":4},"end":{"line":37,"column":null}},"6":{"start":{"line":43,"column":25},"end":{"line":56,"column":null}},"7":{"start":{"line":61,"column":31},"end":{"line":66,"column":null}},"8":{"start":{"line":71,"column":27},"end":{"line":75,"column":null}},"9":{"start":{"line":80,"column":26},"end":{"line":83,"column":null}},"10":{"start":{"line":88,"column":33},"end":{"line":92,"column":null}}},"fnMap":{"0":{"name":"cn","decl":{"start":{"line":7,"column":16},"end":{"line":7,"column":22}},"loc":{"start":{"line":7,"column":44},"end":{"line":9,"column":null}},"line":7},"1":{"name":"formatDate","decl":{"start":{"line":14,"column":16},"end":{"line":14,"column":27}},"loc":{"start":{"line":14,"column":56},"end":{"line":17,"column":null}},"line":14},"2":{"name":"formatTime","decl":{"start":{"line":22,"column":16},"end":{"line":22,"column":27}},"loc":{"start":{"line":22,"column":49},"end":{"line":24,"column":null}},"line":22},"3":{"name":"getYear","decl":{"start":{"line":29,"column":16},"end":{"line":29,"column":24}},"loc":{"start":{"line":29,"column":53},"end":{"line":31,"column":null}},"line":29},"4":{"name":"getMonth","decl":{"start":{"line":36,"column":16},"end":{"line":36,"column":25}},"loc":{"start":{"line":36,"column":54},"end":{"line":38,"column":null}},"line":36}},"branchMap":{},"s":{"0":3,"1":1,"2":1,"3":1,"4":1,"5":1,"6":1,"7":1,"8":1,"9":1,"10":1},"f":{"0":3,"1":1,"2":1,"3":1,"4":1},"b":{},"meta":{"lastBranch":0,"lastFunction":5,"lastStatement":11,"seen":{"f:7:16:7:22":0,"s:8:4:8:Infinity":0,"f:14:16:14:27":1,"s:15:14:15:Infinity":1,"s:16:4:16:Infinity":2,"f:22:16:22:27":2,"s:23:4:23:Infinity":3,"f:29:16:29:24":3,"s:30:4:30:Infinity":4,"f:36:16:36:25":4,"s:37:4:37:Infinity":5,"s:43:25:56:Infinity":6,"s:61:31:66:Infinity":7,"s:71:27:75:Infinity":8,"s:80:26:83:Infinity":9,"s:88:33:92:Infinity":10}}}
}
