{"C:\\Users\\ucler\\Desktop\\TAV-egitim\\app\\api\\import\\attendance\\route.ts": {"path":"C:\\Users\\ucler\\Desktop\\TAV-egitim\\app\\api\\import\\attendance\\route.ts","statementMap":{"0":{"start":{"line":52,"column":16},"end":{"line":52,"column":null}},"1":{"start":{"line":53,"column":16},"end":{"line":53,"column":null}},"2":{"start":{"line":56,"column":4},"end":{"line":56,"column":null}},"3":{"start":{"line":56,"column":16},"end":{"line":56,"column":null}},"4":{"start":{"line":57,"column":14},"end":{"line":57,"column":null}},"5":{"start":{"line":58,"column":4},"end":{"line":58,"column":null}},"6":{"start":{"line":58,"column":25},"end":{"line":58,"column":null}},"7":{"start":{"line":59,"column":14},"end":{"line":59,"column":null}},"8":{"start":{"line":60,"column":4},"end":{"line":60,"column":null}},"9":{"start":{"line":60,"column":12},"end":{"line":60,"column":null}},"10":{"start":{"line":62,"column":14},"end":{"line":62,"column":null}},"11":{"start":{"line":63,"column":16},"end":{"line":63,"column":null}},"12":{"start":{"line":64,"column":15},"end":{"line":64,"column":null}},"13":{"start":{"line":67,"column":4},"end":{"line":69,"column":null}},"14":{"start":{"line":68,"column":8},"end":{"line":68,"column":null}},"15":{"start":{"line":72,"column":4},"end":{"line":74,"column":null}},"16":{"start":{"line":73,"column":8},"end":{"line":73,"column":null}},"17":{"start":{"line":77,"column":4},"end":{"line":79,"column":null}},"18":{"start":{"line":78,"column":8},"end":{"line":78,"column":null}},"19":{"start":{"line":81,"column":14},"end":{"line":81,"column":null}},"20":{"start":{"line":82,"column":15},"end":{"line":82,"column":null}},"21":{"start":{"line":83,"column":14},"end":{"line":83,"column":null}},"22":{"start":{"line":84,"column":4},"end":{"line":84,"column":null}},"23":{"start":{"line":88,"column":4},"end":{"line":88,"column":null}},"24":{"start":{"line":88,"column":16},"end":{"line":88,"column":null}},"25":{"start":{"line":89,"column":14},"end":{"line":89,"column":null}},"26":{"start":{"line":90,"column":4},"end":{"line":90,"column":null}},"27":{"start":{"line":90,"column":25},"end":{"line":90,"column":null}},"28":{"start":{"line":91,"column":14},"end":{"line":91,"column":null}},"29":{"start":{"line":92,"column":4},"end":{"line":92,"column":null}},"30":{"start":{"line":92,"column":12},"end":{"line":92,"column":null}},"31":{"start":{"line":93,"column":4},"end":{"line":93,"column":null}},"32":{"start":{"line":97,"column":4},"end":{"line":97,"column":null}},"33":{"start":{"line":97,"column":16},"end":{"line":97,"column":null}},"34":{"start":{"line":98,"column":14},"end":{"line":98,"column":null}},"35":{"start":{"line":99,"column":4},"end":{"line":99,"column":null}},"36":{"start":{"line":99,"column":12},"end":{"line":99,"column":null}},"37":{"start":{"line":101,"column":27},"end":{"line":101,"column":null}},"38":{"start":{"line":102,"column":4},"end":{"line":105,"column":null}},"39":{"start":{"line":103,"column":23},"end":{"line":103,"column":null}},"40":{"start":{"line":104,"column":8},"end":{"line":104,"column":null}},"41":{"start":{"line":104,"column":45},"end":{"line":104,"column":null}},"42":{"start":{"line":107,"column":19},"end":{"line":107,"column":null}},"43":{"start":{"line":108,"column":4},"end":{"line":108,"column":null}},"44":{"start":{"line":108,"column":41},"end":{"line":108,"column":null}},"45":{"start":{"line":109,"column":4},"end":{"line":109,"column":null}},"46":{"start":{"line":113,"column":10},"end":{"line":113,"column":null}},"47":{"start":{"line":114,"column":4},"end":{"line":116,"column":null}},"48":{"start":{"line":115,"column":8},"end":{"line":115,"column":null}},"49":{"start":{"line":117,"column":4},"end":{"line":117,"column":null}},"50":{"start":{"line":121,"column":4},"end":{"line":121,"column":null}},"51":{"start":{"line":121,"column":16},"end":{"line":121,"column":null}},"52":{"start":{"line":122,"column":14},"end":{"line":122,"column":null}},"53":{"start":{"line":123,"column":4},"end":{"line":123,"column":null}},"54":{"start":{"line":123,"column":33},"end":{"line":123,"column":null}},"55":{"start":{"line":124,"column":4},"end":{"line":126,"column":null}},"56":{"start":{"line":125,"column":8},"end":{"line":125,"column":null}},"57":{"start":{"line":127,"column":4},"end":{"line":129,"column":null}},"58":{"start":{"line":128,"column":8},"end":{"line":128,"column":null}},"59":{"start":{"line":130,"column":4},"end":{"line":130,"column":null}},"60":{"start":{"line":134,"column":4},"end":{"line":319,"column":null}},"61":{"start":{"line":135,"column":14},"end":{"line":135,"column":null}},"62":{"start":{"line":136,"column":14},"end":{"line":136,"column":null}},"63":{"start":{"line":138,"column":8},"end":{"line":150,"column":null}},"64":{"start":{"line":139,"column":12},"end":{"line":149,"column":null}},"65":{"start":{"line":152,"column":24},"end":{"line":152,"column":null}},"66":{"start":{"line":153,"column":8},"end":{"line":155,"column":null}},"67":{"start":{"line":154,"column":12},"end":{"line":154,"column":null}},"68":{"start":{"line":157,"column":21},"end":{"line":157,"column":null}},"69":{"start":{"line":158,"column":44},"end":{"line":158,"column":null}},"70":{"start":{"line":160,"column":8},"end":{"line":162,"column":null}},"71":{"start":{"line":161,"column":12},"end":{"line":161,"column":null}},"72":{"start":{"line":164,"column":24},"end":{"line":169,"column":null}},"73":{"start":{"line":171,"column":8},"end":{"line":300,"column":null}},"74":{"start":{"line":171,"column":21},"end":{"line":171,"column":24}},"75":{"start":{"line":172,"column":26},"end":{"line":172,"column":null}},"76":{"start":{"line":173,"column":24},"end":{"line":173,"column":null}},"77":{"start":{"line":175,"column":12},"end":{"line":299,"column":null}},"78":{"start":{"line":176,"column":32},"end":{"line":176,"column":null}},"79":{"start":{"line":177,"column":35},"end":{"line":177,"column":null}},"80":{"start":{"line":178,"column":38},"end":{"line":178,"column":null}},"81":{"start":{"line":179,"column":36},"end":{"line":179,"column":null}},"82":{"start":{"line":180,"column":37},"end":{"line":180,"column":null}},"83":{"start":{"line":181,"column":35},"end":{"line":181,"column":null}},"84":{"start":{"line":183,"column":16},"end":{"line":186,"column":null}},"85":{"start":{"line":184,"column":20},"end":{"line":184,"column":null}},"86":{"start":{"line":185,"column":20},"end":{"line":185,"column":null}},"87":{"start":{"line":188,"column":35},"end":{"line":190,"column":null}},"88":{"start":{"line":191,"column":16},"end":{"line":209,"column":null}},"89":{"start":{"line":192,"column":20},"end":{"line":200,"column":null}},"90":{"start":{"line":201,"column":20},"end":{"line":203,"column":null}},"91":{"start":{"line":204,"column":20},"end":{"line":207,"column":null}},"92":{"start":{"line":205,"column":24},"end":{"line":205,"column":null}},"93":{"start":{"line":206,"column":24},"end":{"line":206,"column":null}},"94":{"start":{"line":208,"column":20},"end":{"line":208,"column":null}},"95":{"start":{"line":211,"column":37},"end":{"line":213,"column":null}},"96":{"start":{"line":214,"column":16},"end":{"line":217,"column":null}},"97":{"start":{"line":215,"column":20},"end":{"line":215,"column":null}},"98":{"start":{"line":216,"column":20},"end":{"line":216,"column":null}},"99":{"start":{"line":219,"column":22},"end":{"line":219,"column":null}},"100":{"start":{"line":220,"column":22},"end":{"line":220,"column":null}},"101":{"start":{"line":221,"column":16},"end":{"line":224,"column":null}},"102":{"start":{"line":222,"column":20},"end":{"line":222,"column":null}},"103":{"start":{"line":223,"column":20},"end":{"line":223,"column":null}},"104":{"start":{"line":226,"column":43},"end":{"line":232,"column":null}},"105":{"start":{"line":233,"column":16},"end":{"line":236,"column":null}},"106":{"start":{"line":234,"column":20},"end":{"line":234,"column":null}},"107":{"start":{"line":235,"column":20},"end":{"line":235,"column":null}},"108":{"start":{"line":238,"column":47},"end":{"line":238,"column":null}},"109":{"start":{"line":239,"column":37},"end":{"line":239,"column":null}},"110":{"start":{"line":240,"column":16},"end":{"line":245,"column":null}},"111":{"start":{"line":241,"column":40},"end":{"line":243,"column":null}},"112":{"start":{"line":244,"column":20},"end":{"line":244,"column":null}},"113":{"start":{"line":244,"column":37},"end":{"line":244,"column":null}},"114":{"start":{"line":248,"column":20},"end":{"line":250,"column":null}},"115":{"start":{"line":252,"column":16},"end":{"line":293,"column":null}},"116":{"start":{"line":295,"column":16},"end":{"line":295,"column":null}},"117":{"start":{"line":297,"column":32},"end":{"line":297,"column":null}},"118":{"start":{"line":298,"column":16},"end":{"line":298,"column":null}},"119":{"start":{"line":302,"column":8},"end":{"line":309,"column":null}},"120":{"start":{"line":311,"column":8},"end":{"line":315,"column":null}},"121":{"start":{"line":317,"column":24},"end":{"line":317,"column":null}},"122":{"start":{"line":318,"column":8},"end":{"line":318,"column":null}}},"fnMap":{"0":{"name":"normalizeDate","decl":{"start":{"line":55,"column":16},"end":{"line":55,"column":30}},"loc":{"start":{"line":55,"column":65},"end":{"line":85,"column":null}},"line":55},"1":{"name":"normalizeTime","decl":{"start":{"line":87,"column":16},"end":{"line":87,"column":30}},"loc":{"start":{"line":87,"column":83},"end":{"line":94,"column":null}},"line":87},"2":{"name":"normalizeDateTime","decl":{"start":{"line":96,"column":16},"end":{"line":96,"column":34}},"loc":{"start":{"line":96,"column":76},"end":{"line":110,"column":null}},"line":96},"3":{"name":"normalizeIcDis","decl":{"start":{"line":112,"column":16},"end":{"line":112,"column":31}},"loc":{"start":{"line":112,"column":72},"end":{"line":118,"column":null}},"line":112},"4":{"name":"normalizeDocumentType","decl":{"start":{"line":120,"column":16},"end":{"line":120,"column":38}},"loc":{"start":{"line":120,"column":119},"end":{"line":131,"column":null}},"line":120},"5":{"name":"POST","decl":{"start":{"line":133,"column":22},"end":{"line":133,"column":27}},"loc":{"start":{"line":133,"column":49},"end":{"line":320,"column":null}},"line":133}},"branchMap":{"0":{"loc":{"start":{"line":56,"column":4},"end":{"line":56,"column":null}},"type":"if","locations":[{"start":{"line":56,"column":4},"end":{"line":56,"column":null}},{"start":{},"end":{}}],"line":56},"1":{"loc":{"start":{"line":58,"column":4},"end":{"line":58,"column":null}},"type":"if","locations":[{"start":{"line":58,"column":4},"end":{"line":58,"column":null}},{"start":{},"end":{}}],"line":58},"2":{"loc":{"start":{"line":60,"column":4},"end":{"line":60,"column":null}},"type":"if","locations":[{"start":{"line":60,"column":4},"end":{"line":60,"column":null}},{"start":{},"end":{}}],"line":60},"3":{"loc":{"start":{"line":67,"column":4},"end":{"line":69,"column":null}},"type":"if","locations":[{"start":{"line":67,"column":4},"end":{"line":69,"column":null}},{"start":{},"end":{}}],"line":67},"4":{"loc":{"start":{"line":67,"column":8},"end":{"line":67,"column":38}},"type":"binary-expr","locations":[{"start":{"line":67,"column":8},"end":{"line":67,"column":24}},{"start":{"line":67,"column":24},"end":{"line":67,"column":38}}],"line":67},"5":{"loc":{"start":{"line":72,"column":4},"end":{"line":74,"column":null}},"type":"if","locations":[{"start":{"line":72,"column":4},"end":{"line":74,"column":null}},{"start":{},"end":{}}],"line":72},"6":{"loc":{"start":{"line":72,"column":8},"end":{"line":72,"column":31}},"type":"binary-expr","locations":[{"start":{"line":72,"column":8},"end":{"line":72,"column":21}},{"start":{"line":72,"column":21},"end":{"line":72,"column":31}}],"line":72},"7":{"loc":{"start":{"line":77,"column":4},"end":{"line":79,"column":null}},"type":"if","locations":[{"start":{"line":77,"column":4},"end":{"line":79,"column":null}},{"start":{},"end":{}}],"line":77},"8":{"loc":{"start":{"line":77,"column":8},"end":{"line":77,"column":35}},"type":"binary-expr","locations":[{"start":{"line":77,"column":8},"end":{"line":77,"column":23}},{"start":{"line":77,"column":23},"end":{"line":77,"column":35}}],"line":77},"9":{"loc":{"start":{"line":88,"column":4},"end":{"line":88,"column":null}},"type":"if","locations":[{"start":{"line":88,"column":4},"end":{"line":88,"column":null}},{"start":{},"end":{}}],"line":88},"10":{"loc":{"start":{"line":90,"column":4},"end":{"line":90,"column":null}},"type":"if","locations":[{"start":{"line":90,"column":4},"end":{"line":90,"column":null}},{"start":{},"end":{}}],"line":90},"11":{"loc":{"start":{"line":92,"column":4},"end":{"line":92,"column":null}},"type":"if","locations":[{"start":{"line":92,"column":4},"end":{"line":92,"column":null}},{"start":{},"end":{}}],"line":92},"12":{"loc":{"start":{"line":97,"column":4},"end":{"line":97,"column":null}},"type":"if","locations":[{"start":{"line":97,"column":4},"end":{"line":97,"column":null}},{"start":{},"end":{}}],"line":97},"13":{"loc":{"start":{"line":99,"column":4},"end":{"line":99,"column":null}},"type":"if","locations":[{"start":{"line":99,"column":4},"end":{"line":99,"column":null}},{"start":{},"end":{}}],"line":99},"14":{"loc":{"start":{"line":102,"column":4},"end":{"line":105,"column":null}},"type":"if","locations":[{"start":{"line":102,"column":4},"end":{"line":105,"column":null}},{"start":{},"end":{}}],"line":102},"15":{"loc":{"start":{"line":104,"column":8},"end":{"line":104,"column":null}},"type":"if","locations":[{"start":{"line":104,"column":8},"end":{"line":104,"column":null}},{"start":{},"end":{}}],"line":104},"16":{"loc":{"start":{"line":108,"column":4},"end":{"line":108,"column":null}},"type":"if","locations":[{"start":{"line":108,"column":4},"end":{"line":108,"column":null}},{"start":{},"end":{}}],"line":108},"17":{"loc":{"start":{"line":113,"column":15},"end":{"line":113,"column":28}},"type":"binary-expr","locations":[{"start":{"line":113,"column":15},"end":{"line":113,"column":24}},{"start":{"line":113,"column":24},"end":{"line":113,"column":28}}],"line":113},"18":{"loc":{"start":{"line":114,"column":4},"end":{"line":116,"column":null}},"type":"if","locations":[{"start":{"line":114,"column":4},"end":{"line":116,"column":null}},{"start":{},"end":{}}],"line":114},"19":{"loc":{"start":{"line":114,"column":8},"end":{"line":114,"column":61}},"type":"binary-expr","locations":[{"start":{"line":114,"column":8},"end":{"line":114,"column":29}},{"start":{"line":114,"column":29},"end":{"line":114,"column":50}},{"start":{"line":114,"column":50},"end":{"line":114,"column":61}}],"line":114},"20":{"loc":{"start":{"line":121,"column":4},"end":{"line":121,"column":null}},"type":"if","locations":[{"start":{"line":121,"column":4},"end":{"line":121,"column":null}},{"start":{},"end":{}}],"line":121},"21":{"loc":{"start":{"line":123,"column":4},"end":{"line":123,"column":null}},"type":"if","locations":[{"start":{"line":123,"column":4},"end":{"line":123,"column":null}},{"start":{},"end":{}}],"line":123},"22":{"loc":{"start":{"line":124,"column":4},"end":{"line":126,"column":null}},"type":"if","locations":[{"start":{"line":124,"column":4},"end":{"line":126,"column":null}},{"start":{},"end":{}}],"line":124},"23":{"loc":{"start":{"line":124,"column":8},"end":{"line":124,"column":106}},"type":"binary-expr","locations":[{"start":{"line":124,"column":8},"end":{"line":124,"column":33}},{"start":{"line":124,"column":33},"end":{"line":124,"column":58}},{"start":{"line":124,"column":58},"end":{"line":124,"column":83}},{"start":{"line":124,"column":83},"end":{"line":124,"column":106}}],"line":124},"24":{"loc":{"start":{"line":127,"column":4},"end":{"line":129,"column":null}},"type":"if","locations":[{"start":{"line":127,"column":4},"end":{"line":129,"column":null}},{"start":{},"end":{}}],"line":127},"25":{"loc":{"start":{"line":127,"column":8},"end":{"line":127,"column":71}},"type":"binary-expr","locations":[{"start":{"line":127,"column":8},"end":{"line":127,"column":48}},{"start":{"line":127,"column":48},"end":{"line":127,"column":71}}],"line":127},"26":{"loc":{"start":{"line":138,"column":8},"end":{"line":150,"column":null}},"type":"if","locations":[{"start":{"line":138,"column":8},"end":{"line":150,"column":null}},{"start":{},"end":{}}],"line":138},"27":{"loc":{"start":{"line":153,"column":8},"end":{"line":155,"column":null}},"type":"if","locations":[{"start":{"line":153,"column":8},"end":{"line":155,"column":null}},{"start":{},"end":{}}],"line":153},"28":{"loc":{"start":{"line":153,"column":12},"end":{"line":153,"column":50}},"type":"binary-expr","locations":[{"start":{"line":153,"column":12},"end":{"line":153,"column":24}},{"start":{"line":153,"column":24},"end":{"line":153,"column":50}}],"line":153},"29":{"loc":{"start":{"line":160,"column":8},"end":{"line":162,"column":null}},"type":"if","locations":[{"start":{"line":160,"column":8},"end":{"line":162,"column":null}},{"start":{},"end":{}}],"line":160},"30":{"loc":{"start":{"line":160,"column":12},"end":{"line":160,"column":64}},"type":"binary-expr","locations":[{"start":{"line":160,"column":12},"end":{"line":160,"column":21}},{"start":{"line":160,"column":21},"end":{"line":160,"column":45}},{"start":{"line":160,"column":45},"end":{"line":160,"column":64}}],"line":160},"31":{"loc":{"start":{"line":176,"column":39},"end":{"line":176,"column":56}},"type":"binary-expr","locations":[{"start":{"line":176,"column":39},"end":{"line":176,"column":54}},{"start":{"line":176,"column":54},"end":{"line":176,"column":56}}],"line":176},"32":{"loc":{"start":{"line":177,"column":42},"end":{"line":177,"column":62}},"type":"binary-expr","locations":[{"start":{"line":177,"column":42},"end":{"line":177,"column":60}},{"start":{"line":177,"column":60},"end":{"line":177,"column":62}}],"line":177},"33":{"loc":{"start":{"line":179,"column":36},"end":{"line":179,"column":null}},"type":"binary-expr","locations":[{"start":{"line":179,"column":36},"end":{"line":179,"column":70}},{"start":{"line":179,"column":70},"end":{"line":179,"column":null}}],"line":179},"34":{"loc":{"start":{"line":183,"column":16},"end":{"line":186,"column":null}},"type":"if","locations":[{"start":{"line":183,"column":16},"end":{"line":186,"column":null}},{"start":{},"end":{}}],"line":183},"35":{"loc":{"start":{"line":183,"column":20},"end":{"line":183,"column":63}},"type":"binary-expr","locations":[{"start":{"line":183,"column":20},"end":{"line":183,"column":32}},{"start":{"line":183,"column":32},"end":{"line":183,"column":47}},{"start":{"line":183,"column":47},"end":{"line":183,"column":63}}],"line":183},"36":{"loc":{"start":{"line":191,"column":16},"end":{"line":209,"column":null}},"type":"if","locations":[{"start":{"line":191,"column":16},"end":{"line":209,"column":null}},{"start":{},"end":{}}],"line":191},"37":{"loc":{"start":{"line":194,"column":34},"end":{"line":194,"column":null}},"type":"binary-expr","locations":[{"start":{"line":194,"column":34},"end":{"line":194,"column":72}},{"start":{"line":194,"column":72},"end":{"line":194,"column":null}}],"line":194},"38":{"loc":{"start":{"line":194,"column":41},"end":{"line":194,"column":60}},"type":"binary-expr","locations":[{"start":{"line":194,"column":41},"end":{"line":194,"column":58}},{"start":{"line":194,"column":58},"end":{"line":194,"column":60}}],"line":194},"39":{"loc":{"start":{"line":195,"column":36},"end":{"line":195,"column":null}},"type":"binary-expr","locations":[{"start":{"line":195,"column":36},"end":{"line":195,"column":75}},{"start":{"line":195,"column":75},"end":{"line":195,"column":null}}],"line":195},"40":{"loc":{"start":{"line":195,"column":43},"end":{"line":195,"column":63}},"type":"binary-expr","locations":[{"start":{"line":195,"column":43},"end":{"line":195,"column":61}},{"start":{"line":195,"column":61},"end":{"line":195,"column":63}}],"line":195},"41":{"loc":{"start":{"line":196,"column":32},"end":{"line":196,"column":null}},"type":"binary-expr","locations":[{"start":{"line":196,"column":32},"end":{"line":196,"column":67}},{"start":{"line":196,"column":67},"end":{"line":196,"column":null}}],"line":196},"42":{"loc":{"start":{"line":196,"column":39},"end":{"line":196,"column":55}},"type":"binary-expr","locations":[{"start":{"line":196,"column":39},"end":{"line":196,"column":53}},{"start":{"line":196,"column":53},"end":{"line":196,"column":55}}],"line":196},"43":{"loc":{"start":{"line":197,"column":34},"end":{"line":197,"column":null}},"type":"binary-expr","locations":[{"start":{"line":197,"column":34},"end":{"line":197,"column":71}},{"start":{"line":197,"column":71},"end":{"line":197,"column":null}}],"line":197},"44":{"loc":{"start":{"line":197,"column":41},"end":{"line":197,"column":59}},"type":"binary-expr","locations":[{"start":{"line":197,"column":41},"end":{"line":197,"column":57}},{"start":{"line":197,"column":57},"end":{"line":197,"column":59}}],"line":197},"45":{"loc":{"start":{"line":198,"column":30},"end":{"line":198,"column":null}},"type":"binary-expr","locations":[{"start":{"line":198,"column":30},"end":{"line":198,"column":71}},{"start":{"line":198,"column":71},"end":{"line":198,"column":null}}],"line":198},"46":{"loc":{"start":{"line":198,"column":37},"end":{"line":198,"column":59}},"type":"binary-expr","locations":[{"start":{"line":198,"column":37},"end":{"line":198,"column":57}},{"start":{"line":198,"column":57},"end":{"line":198,"column":59}}],"line":198},"47":{"loc":{"start":{"line":199,"column":40},"end":{"line":199,"column":null}},"type":"binary-expr","locations":[{"start":{"line":199,"column":40},"end":{"line":199,"column":62}},{"start":{"line":199,"column":62},"end":{"line":199,"column":null}}],"line":199},"48":{"loc":{"start":{"line":204,"column":20},"end":{"line":207,"column":null}},"type":"if","locations":[{"start":{"line":204,"column":20},"end":{"line":207,"column":null}},{"start":{},"end":{}}],"line":204},"49":{"loc":{"start":{"line":214,"column":16},"end":{"line":217,"column":null}},"type":"if","locations":[{"start":{"line":214,"column":16},"end":{"line":217,"column":null}},{"start":{},"end":{}}],"line":214},"50":{"loc":{"start":{"line":221,"column":16},"end":{"line":224,"column":null}},"type":"if","locations":[{"start":{"line":221,"column":16},"end":{"line":224,"column":null}},{"start":{},"end":{}}],"line":221},"51":{"loc":{"start":{"line":221,"column":20},"end":{"line":221,"column":71}},"type":"binary-expr","locations":[{"start":{"line":221,"column":20},"end":{"line":221,"column":46}},{"start":{"line":221,"column":46},"end":{"line":221,"column":71}}],"line":221},"52":{"loc":{"start":{"line":233,"column":16},"end":{"line":236,"column":null}},"type":"if","locations":[{"start":{"line":233,"column":16},"end":{"line":236,"column":null}},{"start":{},"end":{}}],"line":233},"53":{"loc":{"start":{"line":239,"column":44},"end":{"line":239,"column":66}},"type":"binary-expr","locations":[{"start":{"line":239,"column":44},"end":{"line":239,"column":64}},{"start":{"line":239,"column":64},"end":{"line":239,"column":66}}],"line":239},"54":{"loc":{"start":{"line":240,"column":16},"end":{"line":245,"column":null}},"type":"if","locations":[{"start":{"line":240,"column":16},"end":{"line":245,"column":null}},{"start":{},"end":{}}],"line":240},"55":{"loc":{"start":{"line":244,"column":20},"end":{"line":244,"column":null}},"type":"if","locations":[{"start":{"line":244,"column":20},"end":{"line":244,"column":null}},{"start":{},"end":{}}],"line":244},"56":{"loc":{"start":{"line":248,"column":20},"end":{"line":250,"column":null}},"type":"binary-expr","locations":[{"start":{"line":248,"column":20},"end":{"line":248,"column":null}},{"start":{"line":249,"column":20},"end":{"line":249,"column":null}},{"start":{"line":250,"column":20},"end":{"line":250,"column":null}}],"line":248},"57":{"loc":{"start":{"line":258,"column":29},"end":{"line":258,"column":null}},"type":"binary-expr","locations":[{"start":{"line":258,"column":29},"end":{"line":258,"column":67}},{"start":{"line":258,"column":67},"end":{"line":258,"column":null}}],"line":258},"58":{"loc":{"start":{"line":258,"column":36},"end":{"line":258,"column":55}},"type":"binary-expr","locations":[{"start":{"line":258,"column":36},"end":{"line":258,"column":53}},{"start":{"line":258,"column":53},"end":{"line":258,"column":55}}],"line":258},"59":{"loc":{"start":{"line":259,"column":32},"end":{"line":259,"column":null}},"type":"binary-expr","locations":[{"start":{"line":259,"column":32},"end":{"line":259,"column":71}},{"start":{"line":259,"column":71},"end":{"line":259,"column":null}}],"line":259},"60":{"loc":{"start":{"line":259,"column":39},"end":{"line":259,"column":59}},"type":"binary-expr","locations":[{"start":{"line":259,"column":39},"end":{"line":259,"column":57}},{"start":{"line":259,"column":57},"end":{"line":259,"column":59}}],"line":259},"61":{"loc":{"start":{"line":260,"column":30},"end":{"line":260,"column":null}},"type":"binary-expr","locations":[{"start":{"line":260,"column":30},"end":{"line":260,"column":46}},{"start":{"line":260,"column":46},"end":{"line":260,"column":null}}],"line":260},"62":{"loc":{"start":{"line":261,"column":34},"end":{"line":261,"column":null}},"type":"binary-expr","locations":[{"start":{"line":261,"column":34},"end":{"line":261,"column":54}},{"start":{"line":261,"column":54},"end":{"line":261,"column":null}}],"line":261},"63":{"loc":{"start":{"line":262,"column":31},"end":{"line":262,"column":null}},"type":"binary-expr","locations":[{"start":{"line":262,"column":31},"end":{"line":262,"column":48}},{"start":{"line":262,"column":48},"end":{"line":262,"column":null}}],"line":262},"64":{"loc":{"start":{"line":263,"column":28},"end":{"line":263,"column":null}},"type":"binary-expr","locations":[{"start":{"line":263,"column":28},"end":{"line":263,"column":63}},{"start":{"line":263,"column":63},"end":{"line":263,"column":null}}],"line":263},"65":{"loc":{"start":{"line":263,"column":35},"end":{"line":263,"column":51}},"type":"binary-expr","locations":[{"start":{"line":263,"column":35},"end":{"line":263,"column":49}},{"start":{"line":263,"column":49},"end":{"line":263,"column":51}}],"line":263},"66":{"loc":{"start":{"line":264,"column":33},"end":{"line":264,"column":null}},"type":"binary-expr","locations":[{"start":{"line":264,"column":33},"end":{"line":264,"column":52}},{"start":{"line":264,"column":52},"end":{"line":264,"column":null}}],"line":264},"67":{"loc":{"start":{"line":265,"column":30},"end":{"line":265,"column":null}},"type":"binary-expr","locations":[{"start":{"line":265,"column":30},"end":{"line":265,"column":67}},{"start":{"line":265,"column":67},"end":{"line":265,"column":null}}],"line":265},"68":{"loc":{"start":{"line":265,"column":37},"end":{"line":265,"column":55}},"type":"binary-expr","locations":[{"start":{"line":265,"column":37},"end":{"line":265,"column":53}},{"start":{"line":265,"column":53},"end":{"line":265,"column":55}}],"line":265},"69":{"loc":{"start":{"line":266,"column":26},"end":{"line":266,"column":null}},"type":"binary-expr","locations":[{"start":{"line":266,"column":26},"end":{"line":266,"column":67}},{"start":{"line":266,"column":67},"end":{"line":266,"column":null}}],"line":266},"70":{"loc":{"start":{"line":266,"column":33},"end":{"line":266,"column":55}},"type":"binary-expr","locations":[{"start":{"line":266,"column":33},"end":{"line":266,"column":53}},{"start":{"line":266,"column":53},"end":{"line":266,"column":55}}],"line":266},"71":{"loc":{"start":{"line":267,"column":30},"end":{"line":267,"column":null}},"type":"binary-expr","locations":[{"start":{"line":267,"column":30},"end":{"line":267,"column":46}},{"start":{"line":267,"column":46},"end":{"line":267,"column":null}}],"line":267},"72":{"loc":{"start":{"line":268,"column":31},"end":{"line":268,"column":null}},"type":"binary-expr","locations":[{"start":{"line":268,"column":31},"end":{"line":268,"column":48}},{"start":{"line":268,"column":48},"end":{"line":268,"column":null}}],"line":268},"73":{"loc":{"start":{"line":269,"column":36},"end":{"line":269,"column":null}},"type":"binary-expr","locations":[{"start":{"line":269,"column":36},"end":{"line":269,"column":58}},{"start":{"line":269,"column":58},"end":{"line":269,"column":null}}],"line":269},"74":{"loc":{"start":{"line":272,"column":36},"end":{"line":272,"column":null}},"type":"binary-expr","locations":[{"start":{"line":272,"column":36},"end":{"line":272,"column":58}},{"start":{"line":272,"column":58},"end":{"line":272,"column":null}}],"line":272},"75":{"loc":{"start":{"line":280,"column":32},"end":{"line":280,"column":null}},"type":"binary-expr","locations":[{"start":{"line":280,"column":32},"end":{"line":280,"column":50}},{"start":{"line":280,"column":50},"end":{"line":280,"column":82}},{"start":{"line":280,"column":82},"end":{"line":280,"column":null}}],"line":280},"76":{"loc":{"start":{"line":283,"column":43},"end":{"line":283,"column":null}},"type":"binary-expr","locations":[{"start":{"line":283,"column":43},"end":{"line":283,"column":74}},{"start":{"line":283,"column":74},"end":{"line":283,"column":101}},{"start":{"line":283,"column":101},"end":{"line":283,"column":null}}],"line":283},"77":{"loc":{"start":{"line":284,"column":38},"end":{"line":284,"column":null}},"type":"binary-expr","locations":[{"start":{"line":284,"column":38},"end":{"line":284,"column":62}},{"start":{"line":284,"column":62},"end":{"line":284,"column":null}}],"line":284},"78":{"loc":{"start":{"line":285,"column":44},"end":{"line":285,"column":null}},"type":"binary-expr","locations":[{"start":{"line":285,"column":44},"end":{"line":285,"column":74}},{"start":{"line":285,"column":74},"end":{"line":285,"column":null}}],"line":285},"79":{"loc":{"start":{"line":287,"column":36},"end":{"line":287,"column":null}},"type":"binary-expr","locations":[{"start":{"line":287,"column":36},"end":{"line":287,"column":60}},{"start":{"line":287,"column":60},"end":{"line":287,"column":null}}],"line":287},"80":{"loc":{"start":{"line":289,"column":37},"end":{"line":289,"column":null}},"type":"binary-expr","locations":[{"start":{"line":289,"column":37},"end":{"line":289,"column":79}},{"start":{"line":289,"column":74},"end":{"line":289,"column":null}}],"line":289},"81":{"loc":{"start":{"line":297,"column":32},"end":{"line":297,"column":null}},"type":"cond-expr","locations":[{"start":{"line":297,"column":57},"end":{"line":297,"column":73}},{"start":{"line":297,"column":73},"end":{"line":297,"column":null}}],"line":297},"82":{"loc":{"start":{"line":317,"column":24},"end":{"line":317,"column":null}},"type":"cond-expr","locations":[{"start":{"line":317,"column":49},"end":{"line":317,"column":65}},{"start":{"line":317,"column":65},"end":{"line":317,"column":null}}],"line":317}},"s":{"0":2,"1":2,"2":8,"3":2,"4":6,"5":6,"6":2,"7":4,"8":4,"9":0,"10":4,"11":4,"12":4,"13":4,"14":0,"15":4,"16":0,"17":4,"18":0,"19":4,"20":4,"21":4,"22":4,"23":7,"24":5,"25":2,"26":2,"27":2,"28":0,"29":0,"30":0,"31":0,"32":2,"33":1,"34":1,"35":1,"36":0,"37":1,"38":1,"39":1,"40":1,"41":1,"42":0,"43":0,"44":0,"45":0,"46":3,"47":3,"48":1,"49":2,"50":3,"51":0,"52":3,"53":3,"54":2,"55":1,"56":1,"57":0,"58":0,"59":0,"60":5,"61":5,"62":5,"63":5,"64":1,"65":4,"66":4,"67":1,"68":3,"69":3,"70":3,"71":1,"72":2,"73":2,"74":2,"75":3,"76":3,"77":3,"78":3,"79":3,"80":3,"81":3,"82":3,"83":3,"84":3,"85":1,"86":1,"87":2,"88":2,"89":1,"90":1,"91":1,"92":0,"93":0,"94":1,"95":2,"96":2,"97":0,"98":0,"99":2,"100":2,"101":2,"102":0,"103":0,"104":2,"105":2,"106":1,"107":1,"108":1,"109":1,"110":3,"111":1,"112":1,"113":1,"114":1,"115":3,"116":1,"117":0,"118":0,"119":2,"120":2,"121":0,"122":0},"f":{"0":8,"1":7,"2":2,"3":3,"4":3,"5":5},"b":{"0":[2,6],"1":[2,4],"2":[0,4],"3":[0,4],"4":[4,0],"5":[0,4],"6":[4,4],"7":[0,4],"8":[4,4],"9":[5,2],"10":[2,0],"11":[0,0],"12":[1,1],"13":[0,1],"14":[1,0],"15":[1,0],"16":[0,0],"17":[3,1],"18":[1,2],"19":[3,3,2],"20":[0,3],"21":[2,1],"22":[1,0],"23":[1,1,0,0],"24":[0,0],"25":[0,0],"26":[1,4],"27":[1,3],"28":[4,4],"29":[1,2],"30":[3,3,3],"31":[3,0],"32":[3,0],"33":[3,2],"34":[1,2],"35":[3,2,2],"36":[1,1],"37":[1,0],"38":[1,0],"39":[1,1],"40":[1,1],"41":[1,1],"42":[1,1],"43":[1,1],"44":[1,1],"45":[1,1],"46":[1,1],"47":[1,1],"48":[0,1],"49":[0,2],"50":[0,2],"51":[2,2],"52":[1,1],"53":[1,0],"54":[1,2],"55":[1,0],"56":[1,0,0],"57":[3,0],"58":[3,0],"59":[3,1],"60":[3,1],"61":[3,1],"62":[3,1],"63":[3,1],"64":[3,1],"65":[3,1],"66":[3,1],"67":[3,1],"68":[3,1],"69":[3,1],"70":[3,1],"71":[3,1],"72":[3,1],"73":[3,1],"74":[3,1],"75":[3,1,0],"76":[3,1,1],"77":[3,1],"78":[3,1],"79":[3,1],"80":[3,1],"81":[0,0],"82":[0,0]},"meta":{"lastBranch":83,"lastFunction":6,"lastStatement":123,"seen":{"s:52:16:52:Infinity":0,"s:53:16:53:Infinity":1,"f:55:16:55:30":0,"b:56:4:56:Infinity:undefined:undefined:undefined:undefined":0,"s:56:4:56:Infinity":2,"s:56:16:56:Infinity":3,"s:57:14:57:Infinity":4,"b:58:4:58:Infinity:undefined:undefined:undefined:undefined":1,"s:58:4:58:Infinity":5,"s:58:25:58:Infinity":6,"s:59:14:59:Infinity":7,"b:60:4:60:Infinity:undefined:undefined:undefined:undefined":2,"s:60:4:60:Infinity":8,"s:60:12:60:Infinity":9,"s:62:14:62:Infinity":10,"s:63:16:63:Infinity":11,"s:64:15:64:Infinity":12,"b:67:4:69:Infinity:undefined:undefined:undefined:undefined":3,"s:67:4:69:Infinity":13,"b:67:8:67:24:67:24:67:38":4,"s:68:8:68:Infinity":14,"b:72:4:74:Infinity:undefined:undefined:undefined:undefined":5,"s:72:4:74:Infinity":15,"b:72:8:72:21:72:21:72:31":6,"s:73:8:73:Infinity":16,"b:77:4:79:Infinity:undefined:undefined:undefined:undefined":7,"s:77:4:79:Infinity":17,"b:77:8:77:23:77:23:77:35":8,"s:78:8:78:Infinity":18,"s:81:14:81:Infinity":19,"s:82:15:82:Infinity":20,"s:83:14:83:Infinity":21,"s:84:4:84:Infinity":22,"f:87:16:87:30":1,"b:88:4:88:Infinity:undefined:undefined:undefined:undefined":9,"s:88:4:88:Infinity":23,"s:88:16:88:Infinity":24,"s:89:14:89:Infinity":25,"b:90:4:90:Infinity:undefined:undefined:undefined:undefined":10,"s:90:4:90:Infinity":26,"s:90:25:90:Infinity":27,"s:91:14:91:Infinity":28,"b:92:4:92:Infinity:undefined:undefined:undefined:undefined":11,"s:92:4:92:Infinity":29,"s:92:12:92:Infinity":30,"s:93:4:93:Infinity":31,"f:96:16:96:34":2,"b:97:4:97:Infinity:undefined:undefined:undefined:undefined":12,"s:97:4:97:Infinity":32,"s:97:16:97:Infinity":33,"s:98:14:98:Infinity":34,"b:99:4:99:Infinity:undefined:undefined:undefined:undefined":13,"s:99:4:99:Infinity":35,"s:99:12:99:Infinity":36,"s:101:27:101:Infinity":37,"b:102:4:105:Infinity:undefined:undefined:undefined:undefined":14,"s:102:4:105:Infinity":38,"s:103:23:103:Infinity":39,"b:104:8:104:Infinity:undefined:undefined:undefined:undefined":15,"s:104:8:104:Infinity":40,"s:104:45:104:Infinity":41,"s:107:19:107:Infinity":42,"b:108:4:108:Infinity:undefined:undefined:undefined:undefined":16,"s:108:4:108:Infinity":43,"s:108:41:108:Infinity":44,"s:109:4:109:Infinity":45,"f:112:16:112:31":3,"s:113:10:113:Infinity":46,"b:113:15:113:24:113:24:113:28":17,"b:114:4:116:Infinity:undefined:undefined:undefined:undefined":18,"s:114:4:116:Infinity":47,"b:114:8:114:29:114:29:114:50:114:50:114:61":19,"s:115:8:115:Infinity":48,"s:117:4:117:Infinity":49,"f:120:16:120:38":4,"b:121:4:121:Infinity:undefined:undefined:undefined:undefined":20,"s:121:4:121:Infinity":50,"s:121:16:121:Infinity":51,"s:122:14:122:Infinity":52,"b:123:4:123:Infinity:undefined:undefined:undefined:undefined":21,"s:123:4:123:Infinity":53,"s:123:33:123:Infinity":54,"b:124:4:126:Infinity:undefined:undefined:undefined:undefined":22,"s:124:4:126:Infinity":55,"b:124:8:124:33:124:33:124:58:124:58:124:83:124:83:124:106":23,"s:125:8:125:Infinity":56,"b:127:4:129:Infinity:undefined:undefined:undefined:undefined":24,"s:127:4:129:Infinity":57,"b:127:8:127:48:127:48:127:71":25,"s:128:8:128:Infinity":58,"s:130:4:130:Infinity":59,"f:133:22:133:27":5,"s:134:4:319:Infinity":60,"s:135:14:135:Infinity":61,"s:136:14:136:Infinity":62,"b:138:8:150:Infinity:undefined:undefined:undefined:undefined":26,"s:138:8:150:Infinity":63,"s:139:12:149:Infinity":64,"s:152:24:152:Infinity":65,"b:153:8:155:Infinity:undefined:undefined:undefined:undefined":27,"s:153:8:155:Infinity":66,"b:153:12:153:24:153:24:153:50":28,"s:154:12:154:Infinity":67,"s:157:21:157:Infinity":68,"s:158:44:158:Infinity":69,"b:160:8:162:Infinity:undefined:undefined:undefined:undefined":29,"s:160:8:162:Infinity":70,"b:160:12:160:21:160:21:160:45:160:45:160:64":30,"s:161:12:161:Infinity":71,"s:164:24:169:Infinity":72,"s:171:8:300:Infinity":73,"s:171:21:171:24":74,"s:172:26:172:Infinity":75,"s:173:24:173:Infinity":76,"s:175:12:299:Infinity":77,"s:176:32:176:Infinity":78,"b:176:39:176:54:176:54:176:56":31,"s:177:35:177:Infinity":79,"b:177:42:177:60:177:60:177:62":32,"s:178:38:178:Infinity":80,"s:179:36:179:Infinity":81,"b:179:36:179:70:179:70:179:Infinity":33,"s:180:37:180:Infinity":82,"s:181:35:181:Infinity":83,"b:183:16:186:Infinity:undefined:undefined:undefined:undefined":34,"s:183:16:186:Infinity":84,"b:183:20:183:32:183:32:183:47:183:47:183:63":35,"s:184:20:184:Infinity":85,"s:185:20:185:Infinity":86,"s:188:35:190:Infinity":87,"b:191:16:209:Infinity:undefined:undefined:undefined:undefined":36,"s:191:16:209:Infinity":88,"s:192:20:200:Infinity":89,"b:194:34:194:72:194:72:194:Infinity":37,"b:194:41:194:58:194:58:194:60":38,"b:195:36:195:75:195:75:195:Infinity":39,"b:195:43:195:61:195:61:195:63":40,"b:196:32:196:67:196:67:196:Infinity":41,"b:196:39:196:53:196:53:196:55":42,"b:197:34:197:71:197:71:197:Infinity":43,"b:197:41:197:57:197:57:197:59":44,"b:198:30:198:71:198:71:198:Infinity":45,"b:198:37:198:57:198:57:198:59":46,"b:199:40:199:62:199:62:199:Infinity":47,"s:201:20:203:Infinity":90,"b:204:20:207:Infinity:undefined:undefined:undefined:undefined":48,"s:204:20:207:Infinity":91,"s:205:24:205:Infinity":92,"s:206:24:206:Infinity":93,"s:208:20:208:Infinity":94,"s:211:37:213:Infinity":95,"b:214:16:217:Infinity:undefined:undefined:undefined:undefined":49,"s:214:16:217:Infinity":96,"s:215:20:215:Infinity":97,"s:216:20:216:Infinity":98,"s:219:22:219:Infinity":99,"s:220:22:220:Infinity":100,"b:221:16:224:Infinity:undefined:undefined:undefined:undefined":50,"s:221:16:224:Infinity":101,"b:221:20:221:46:221:46:221:71":51,"s:222:20:222:Infinity":102,"s:223:20:223:Infinity":103,"s:226:43:232:Infinity":104,"b:233:16:236:Infinity:undefined:undefined:undefined:undefined":52,"s:233:16:236:Infinity":105,"s:234:20:234:Infinity":106,"s:235:20:235:Infinity":107,"s:238:47:238:Infinity":108,"s:239:37:239:Infinity":109,"b:239:44:239:64:239:64:239:66":53,"b:240:16:245:Infinity:undefined:undefined:undefined:undefined":54,"s:240:16:245:Infinity":110,"s:241:40:243:Infinity":111,"b:244:20:244:Infinity:undefined:undefined:undefined:undefined":55,"s:244:20:244:Infinity":112,"s:244:37:244:Infinity":113,"s:248:20:250:Infinity":114,"b:248:20:248:Infinity:249:20:249:Infinity:250:20:250:Infinity":56,"s:252:16:293:Infinity":115,"b:258:29:258:67:258:67:258:Infinity":57,"b:258:36:258:53:258:53:258:55":58,"b:259:32:259:71:259:71:259:Infinity":59,"b:259:39:259:57:259:57:259:59":60,"b:260:30:260:46:260:46:260:Infinity":61,"b:261:34:261:54:261:54:261:Infinity":62,"b:262:31:262:48:262:48:262:Infinity":63,"b:263:28:263:63:263:63:263:Infinity":64,"b:263:35:263:49:263:49:263:51":65,"b:264:33:264:52:264:52:264:Infinity":66,"b:265:30:265:67:265:67:265:Infinity":67,"b:265:37:265:53:265:53:265:55":68,"b:266:26:266:67:266:67:266:Infinity":69,"b:266:33:266:53:266:53:266:55":70,"b:267:30:267:46:267:46:267:Infinity":71,"b:268:31:268:48:268:48:268:Infinity":72,"b:269:36:269:58:269:58:269:Infinity":73,"b:272:36:272:58:272:58:272:Infinity":74,"b:280:32:280:50:280:50:280:82:280:82:280:Infinity":75,"b:283:43:283:74:283:74:283:101:283:101:283:Infinity":76,"b:284:38:284:62:284:62:284:Infinity":77,"b:285:44:285:74:285:74:285:Infinity":78,"b:287:36:287:60:287:60:287:Infinity":79,"b:289:37:289:79:289:74:289:Infinity":80,"s:295:16:295:Infinity":116,"s:297:32:297:Infinity":117,"b:297:57:297:73:297:73:297:Infinity":81,"s:298:16:298:Infinity":118,"s:302:8:309:Infinity":119,"s:311:8:315:Infinity":120,"s:317:24:317:Infinity":121,"b:317:49:317:65:317:65:317:Infinity":82,"s:318:8:318:Infinity":122}}}
,"C:\\Users\\ucler\\Desktop\\TAV-egitim\\app\\login\\page.tsx": {"path":"C:\\Users\\ucler\\Desktop\\TAV-egitim\\app\\login\\page.tsx","statementMap":{"0":{"start":{"line":8,"column":10},"end":{"line":8,"column":null}},"1":{"start":{"line":9,"column":30},"end":{"line":9,"column":null}},"2":{"start":{"line":10,"column":32},"end":{"line":10,"column":null}},"3":{"start":{"line":11,"column":26},"end":{"line":11,"column":null}},"4":{"start":{"line":12,"column":30},"end":{"line":12,"column":null}},"5":{"start":{"line":13,"column":46},"end":{"line":13,"column":null}},"6":{"start":{"line":14,"column":30},"end":{"line":14,"column":null}},"7":{"start":{"line":16,"column":4},"end":{"line":18,"column":null}},"8":{"start":{"line":17,"column":8},"end":{"line":17,"column":null}},"9":{"start":{"line":20,"column":25},"end":{"line":55,"column":null}},"10":{"start":{"line":21,"column":8},"end":{"line":21,"column":null}},"11":{"start":{"line":22,"column":8},"end":{"line":22,"column":null}},"12":{"start":{"line":23,"column":8},"end":{"line":23,"column":null}},"13":{"start":{"line":25,"column":8},"end":{"line":54,"column":null}},"14":{"start":{"line":26,"column":29},"end":{"line":35,"column":null}},"15":{"start":{"line":37,"column":25},"end":{"line":37,"column":null}},"16":{"start":{"line":39,"column":12},"end":{"line":43,"column":null}},"17":{"start":{"line":40,"column":16},"end":{"line":40,"column":null}},"18":{"start":{"line":41,"column":16},"end":{"line":41,"column":null}},"19":{"start":{"line":42,"column":16},"end":{"line":42,"column":null}},"20":{"start":{"line":46,"column":12},"end":{"line":50,"column":null}},"21":{"start":{"line":47,"column":16},"end":{"line":47,"column":null}},"22":{"start":{"line":49,"column":16},"end":{"line":49,"column":null}},"23":{"start":{"line":52,"column":12},"end":{"line":52,"column":null}},"24":{"start":{"line":53,"column":12},"end":{"line":53,"column":null}},"25":{"start":{"line":57,"column":4},"end":{"line":251,"column":null}},"26":{"start":{"line":130,"column":53},"end":{"line":130,"column":null}},"27":{"start":{"line":153,"column":53},"end":{"line":153,"column":null}},"28":{"start":{"line":165,"column":47},"end":{"line":165,"column":null}},"29":{"start":{"line":210,"column":36},"end":{"line":210,"column":null}},"30":{"start":{"line":243,"column":43},"end":{"line":243,"column":null}}},"fnMap":{"0":{"name":"LoginPage","decl":{"start":{"line":7,"column":24},"end":{"line":7,"column":36}},"loc":{"start":{"line":7,"column":36},"end":{"line":253,"column":null}},"line":7},"1":{"name":"(anonymous_1)","decl":{"start":{"line":16,"column":14},"end":{"line":16,"column":20}},"loc":{"start":{"line":16,"column":20},"end":{"line":18,"column":7}},"line":16},"2":{"name":"(anonymous_2)","decl":{"start":{"line":20,"column":25},"end":{"line":20,"column":32}},"loc":{"start":{"line":20,"column":55},"end":{"line":55,"column":null}},"line":20},"3":{"name":"(anonymous_3)","decl":{"start":{"line":130,"column":46},"end":{"line":130,"column":47}},"loc":{"start":{"line":130,"column":53},"end":{"line":130,"column":null}},"line":130},"4":{"name":"(anonymous_4)","decl":{"start":{"line":153,"column":46},"end":{"line":153,"column":47}},"loc":{"start":{"line":153,"column":53},"end":{"line":153,"column":null}},"line":153},"5":{"name":"(anonymous_5)","decl":{"start":{"line":165,"column":41},"end":{"line":165,"column":47}},"loc":{"start":{"line":165,"column":47},"end":{"line":165,"column":null}},"line":165},"6":{"name":"(anonymous_6)","decl":{"start":{"line":210,"column":29},"end":{"line":210,"column":30}},"loc":{"start":{"line":210,"column":36},"end":{"line":210,"column":null}},"line":210},"7":{"name":"(anonymous_7)","decl":{"start":{"line":243,"column":37},"end":{"line":243,"column":43}},"loc":{"start":{"line":243,"column":43},"end":{"line":243,"column":null}},"line":243}},"branchMap":{"0":{"loc":{"start":{"line":39,"column":12},"end":{"line":43,"column":null}},"type":"if","locations":[{"start":{"line":39,"column":12},"end":{"line":43,"column":null}},{"start":{},"end":{}}],"line":39},"1":{"loc":{"start":{"line":46,"column":12},"end":{"line":50,"column":null}},"type":"if","locations":[{"start":{"line":46,"column":12},"end":{"line":50,"column":null}},{"start":{"line":48,"column":19},"end":{"line":50,"column":null}}],"line":46},"2":{"loc":{"start":{"line":78,"column":89},"end":{"line":78,"column":154}},"type":"cond-expr","locations":[{"start":{"line":78,"column":99},"end":{"line":78,"column":129}},{"start":{"line":78,"column":129},"end":{"line":78,"column":154}}],"line":78},"3":{"loc":{"start":{"line":81,"column":144},"end":{"line":81,"column":200}},"type":"cond-expr","locations":[{"start":{"line":81,"column":154},"end":{"line":81,"column":180}},{"start":{"line":81,"column":180},"end":{"line":81,"column":200}}],"line":81},"4":{"loc":{"start":{"line":92,"column":126},"end":{"line":92,"column":191}},"type":"cond-expr","locations":[{"start":{"line":92,"column":136},"end":{"line":92,"column":166}},{"start":{"line":92,"column":166},"end":{"line":92,"column":191}}],"line":92},"5":{"loc":{"start":{"line":95,"column":98},"end":{"line":95,"column":163}},"type":"cond-expr","locations":[{"start":{"line":95,"column":108},"end":{"line":95,"column":138}},{"start":{"line":95,"column":138},"end":{"line":95,"column":163}}],"line":95},"6":{"loc":{"start":{"line":101,"column":122},"end":{"line":101,"column":187}},"type":"cond-expr","locations":[{"start":{"line":101,"column":132},"end":{"line":101,"column":162}},{"start":{"line":101,"column":162},"end":{"line":101,"column":187}}],"line":101},"7":{"loc":{"start":{"line":104,"column":25},"end":{"line":112,"column":null}},"type":"binary-expr","locations":[{"start":{"line":104,"column":25},"end":{"line":104,"column":null}},{"start":{"line":105,"column":28},"end":{"line":112,"column":null}}],"line":104},"8":{"loc":{"start":{"line":116,"column":81},"end":{"line":116,"column":146}},"type":"cond-expr","locations":[{"start":{"line":116,"column":91},"end":{"line":116,"column":121}},{"start":{"line":116,"column":121},"end":{"line":116,"column":146}}],"line":116},"9":{"loc":{"start":{"line":139,"column":81},"end":{"line":139,"column":146}},"type":"cond-expr","locations":[{"start":{"line":139,"column":91},"end":{"line":139,"column":121}},{"start":{"line":139,"column":121},"end":{"line":139,"column":146}}],"line":139},"10":{"loc":{"start":{"line":162,"column":98},"end":{"line":162,"column":163}},"type":"cond-expr","locations":[{"start":{"line":162,"column":108},"end":{"line":162,"column":138}},{"start":{"line":162,"column":138},"end":{"line":162,"column":163}}],"line":162},"11":{"loc":{"start":{"line":173,"column":81},"end":{"line":173,"column":146}},"type":"cond-expr","locations":[{"start":{"line":173,"column":91},"end":{"line":173,"column":121}},{"start":{"line":173,"column":121},"end":{"line":173,"column":146}}],"line":173},"12":{"loc":{"start":{"line":179,"column":33},"end":{"line":193,"column":null}},"type":"cond-expr","locations":[{"start":{"line":180,"column":36},"end":{"line":186,"column":null}},{"start":{"line":188,"column":36},"end":{"line":193,"column":null}}],"line":179},"13":{"loc":{"start":{"line":201,"column":111},"end":{"line":201,"column":176}},"type":"cond-expr","locations":[{"start":{"line":201,"column":121},"end":{"line":201,"column":151}},{"start":{"line":201,"column":151},"end":{"line":201,"column":176}}],"line":201},"14":{"loc":{"start":{"line":207,"column":13},"end":{"line":249,"column":null}},"type":"binary-expr","locations":[{"start":{"line":207,"column":13},"end":{"line":207,"column":null}},{"start":{"line":208,"column":16},"end":{"line":249,"column":null}}],"line":207},"15":{"loc":{"start":{"line":210,"column":36},"end":{"line":210,"column":null}},"type":"binary-expr","locations":[{"start":{"line":210,"column":36},"end":{"line":210,"column":68}},{"start":{"line":210,"column":68},"end":{"line":210,"column":null}}],"line":210}},"s":{"0":17,"1":17,"2":17,"3":17,"4":17,"5":17,"6":17,"7":17,"8":4,"9":17,"10":2,"11":2,"12":2,"13":2,"14":2,"15":2,"16":2,"17":1,"18":1,"19":1,"20":1,"21":1,"22":0,"23":0,"24":0,"25":17,"26":3,"27":3,"28":0,"29":0,"30":0},"f":{"0":17,"1":4,"2":2,"3":3,"4":3,"5":0,"6":0,"7":0},"b":{"0":[1,1],"1":[1,0],"2":[13,4],"3":[13,4],"4":[13,4],"5":[13,4],"6":[13,4],"7":[17,1],"8":[13,4],"9":[13,4],"10":[13,4],"11":[13,4],"12":[2,15],"13":[13,4],"14":[17,0],"15":[0,0]},"meta":{"lastBranch":16,"lastFunction":8,"lastStatement":31,"seen":{"f:7:24:7:36":0,"s:8:10:8:Infinity":0,"s:9:30:9:Infinity":1,"s:10:32:10:Infinity":2,"s:11:26:11:Infinity":3,"s:12:30:12:Infinity":4,"s:13:46:13:Infinity":5,"s:14:30:14:Infinity":6,"s:16:4:18:Infinity":7,"f:16:14:16:20":1,"s:17:8:17:Infinity":8,"s:20:25:55:Infinity":9,"f:20:25:20:32":2,"s:21:8:21:Infinity":10,"s:22:8:22:Infinity":11,"s:23:8:23:Infinity":12,"s:25:8:54:Infinity":13,"s:26:29:35:Infinity":14,"s:37:25:37:Infinity":15,"b:39:12:43:Infinity:undefined:undefined:undefined:undefined":0,"s:39:12:43:Infinity":16,"s:40:16:40:Infinity":17,"s:41:16:41:Infinity":18,"s:42:16:42:Infinity":19,"b:46:12:50:Infinity:48:19:50:Infinity":1,"s:46:12:50:Infinity":20,"s:47:16:47:Infinity":21,"s:49:16:49:Infinity":22,"s:52:12:52:Infinity":23,"s:53:12:53:Infinity":24,"s:57:4:251:Infinity":25,"b:78:99:78:129:78:129:78:154":2,"b:81:154:81:180:81:180:81:200":3,"b:92:136:92:166:92:166:92:191":4,"b:95:108:95:138:95:138:95:163":5,"b:101:132:101:162:101:162:101:187":6,"b:104:25:104:Infinity:105:28:112:Infinity":7,"b:116:91:116:121:116:121:116:146":8,"f:130:46:130:47":3,"s:130:53:130:Infinity":26,"b:139:91:139:121:139:121:139:146":9,"f:153:46:153:47":4,"s:153:53:153:Infinity":27,"b:162:108:162:138:162:138:162:163":10,"f:165:41:165:47":5,"s:165:47:165:Infinity":28,"b:173:91:173:121:173:121:173:146":11,"b:180:36:186:Infinity:188:36:193:Infinity":12,"b:201:121:201:151:201:151:201:176":13,"b:207:13:207:Infinity:208:16:249:Infinity":14,"f:210:29:210:30":6,"s:210:36:210:Infinity":29,"b:210:36:210:68:210:68:210:Infinity":15,"f:243:37:243:43":7,"s:243:43:243:Infinity":30}}}
,"C:\\Users\\ucler\\Desktop\\TAV-egitim\\components\\ErrorBoundary.tsx": {"path":"C:\\Users\\ucler\\Desktop\\TAV-egitim\\components\\ErrorBoundary.tsx","statementMap":{"0":{"start":{"line":23,"column":8},"end":{"line":23,"column":null}},"1":{"start":{"line":68,"column":4},"end":{"line":74,"column":null}},"2":{"start":{"line":69,"column":8},"end":{"line":73,"column":null}},"3":{"start":{"line":76,"column":4},"end":{"line":78,"column":null}},"4":{"start":{"line":77,"column":8},"end":{"line":77,"column":null}},"5":{"start":{"line":80,"column":4},"end":{"line":82,"column":null}},"6":{"start":{"line":81,"column":8},"end":{"line":81,"column":null}},"7":{"start":{"line":24,"column":8},"end":{"line":28,"column":null}},"8":{"start":{"line":33,"column":8},"end":{"line":37,"column":null}},"9":{"start":{"line":42,"column":8},"end":{"line":42,"column":null}},"10":{"start":{"line":44,"column":8},"end":{"line":47,"column":null}},"11":{"start":{"line":50,"column":8},"end":{"line":50,"column":null}},"12":{"start":{"line":59,"column":8},"end":{"line":65,"column":null}},"13":{"start":{"line":60,"column":12},"end":{"line":64,"column":null}},"14":{"start":{"line":85,"column":8},"end":{"line":162,"column":null}},"15":{"start":{"line":87,"column":12},"end":{"line":89,"column":null}},"16":{"start":{"line":88,"column":16},"end":{"line":88,"column":null}},"17":{"start":{"line":92,"column":12},"end":{"line":160,"column":null}},"18":{"start":{"line":164,"column":8},"end":{"line":164,"column":null}},"19":{"start":{"line":175,"column":4},"end":{"line":181,"column":null}},"20":{"start":{"line":176,"column":8},"end":{"line":179,"column":null}}},"fnMap":{"0":{"name":"(anonymous_0)","decl":{"start":{"line":22,"column":4},"end":{"line":22,"column":16}},"loc":{"start":{"line":22,"column":30},"end":{"line":29,"column":null}},"line":22},"1":{"name":"(anonymous_1)","decl":{"start":{"line":68,"column":18},"end":{"line":68,"column":24}},"loc":{"start":{"line":68,"column":24},"end":{"line":74,"column":null}},"line":68},"2":{"name":"(anonymous_2)","decl":{"start":{"line":76,"column":19},"end":{"line":76,"column":25}},"loc":{"start":{"line":76,"column":25},"end":{"line":78,"column":null}},"line":76},"3":{"name":"(anonymous_3)","decl":{"start":{"line":80,"column":19},"end":{"line":80,"column":25}},"loc":{"start":{"line":80,"column":25},"end":{"line":82,"column":null}},"line":80},"4":{"name":"(anonymous_4)","decl":{"start":{"line":31,"column":11},"end":{"line":31,"column":36}},"loc":{"start":{"line":31,"column":57},"end":{"line":38,"column":null}},"line":31},"5":{"name":"(anonymous_5)","decl":{"start":{"line":40,"column":4},"end":{"line":40,"column":22}},"loc":{"start":{"line":40,"column":58},"end":{"line":56,"column":null}},"line":40},"6":{"name":"(anonymous_6)","decl":{"start":{"line":58,"column":4},"end":{"line":58,"column":23}},"loc":{"start":{"line":58,"column":41},"end":{"line":66,"column":null}},"line":58},"7":{"name":"(anonymous_7)","decl":{"start":{"line":84,"column":4},"end":{"line":84,"column":13}},"loc":{"start":{"line":84,"column":13},"end":{"line":165,"column":null}},"line":84},"8":{"name":"withErrorBoundary","decl":{"start":{"line":171,"column":16},"end":{"line":171,"column":null}},"loc":{"start":{"line":174,"column":2},"end":{"line":182,"column":null}},"line":174},"9":{"name":"WithErrorBoundary","decl":{"start":{"line":175,"column":20},"end":{"line":175,"column":38}},"loc":{"start":{"line":175,"column":48},"end":{"line":181,"column":null}},"line":175}},"branchMap":{"0":{"loc":{"start":{"line":59,"column":8},"end":{"line":65,"column":null}},"type":"if","locations":[{"start":{"line":59,"column":8},"end":{"line":65,"column":null}},{"start":{},"end":{}}],"line":59},"1":{"loc":{"start":{"line":59,"column":12},"end":{"line":59,"column":79}},"type":"binary-expr","locations":[{"start":{"line":59,"column":12},"end":{"line":59,"column":35}},{"start":{"line":59,"column":35},"end":{"line":59,"column":79}}],"line":59},"2":{"loc":{"start":{"line":85,"column":8},"end":{"line":162,"column":null}},"type":"if","locations":[{"start":{"line":85,"column":8},"end":{"line":162,"column":null}},{"start":{},"end":{}}],"line":85},"3":{"loc":{"start":{"line":87,"column":12},"end":{"line":89,"column":null}},"type":"if","locations":[{"start":{"line":87,"column":12},"end":{"line":89,"column":null}},{"start":{},"end":{}}],"line":87},"4":{"loc":{"start":{"line":123,"column":25},"end":{"line":133,"column":null}},"type":"binary-expr","locations":[{"start":{"line":123,"column":25},"end":{"line":123,"column":67}},{"start":{"line":123,"column":67},"end":{"line":123,"column":null}},{"start":{"line":124,"column":28},"end":{"line":133,"column":null}}],"line":123},"5":{"loc":{"start":{"line":128,"column":33},"end":{"line":131,"column":null}},"type":"binary-expr","locations":[{"start":{"line":128,"column":33},"end":{"line":128,"column":null}},{"start":{"line":129,"column":36},"end":{"line":131,"column":null}}],"line":128}},"s":{"0":14,"1":14,"2":1,"3":14,"4":0,"5":14,"6":0,"7":14,"8":14,"9":7,"10":7,"11":7,"12":10,"13":1,"14":38,"15":22,"16":3,"17":19,"18":16,"19":0,"20":0},"f":{"0":14,"1":1,"2":0,"3":0,"4":1,"5":7,"6":10,"7":38,"8":0,"9":0},"b":{"0":[1,9],"1":[10,9],"2":[22,16],"3":[3,19],"4":[19,0,0],"5":[0,0]},"meta":{"lastBranch":6,"lastFunction":10,"lastStatement":21,"seen":{"f:22:4:22:16":0,"s:23:8:23:Infinity":0,"s:68:4:74:Infinity":1,"f:68:18:68:24":1,"s:69:8:73:Infinity":2,"s:76:4:78:Infinity":3,"f:76:19:76:25":2,"s:77:8:77:Infinity":4,"s:80:4:82:Infinity":5,"f:80:19:80:25":3,"s:81:8:81:Infinity":6,"s:24:8:28:Infinity":7,"f:31:11:31:36":4,"s:33:8:37:Infinity":8,"f:40:4:40:22":5,"s:42:8:42:Infinity":9,"s:44:8:47:Infinity":10,"s:50:8:50:Infinity":11,"f:58:4:58:23":6,"b:59:8:65:Infinity:undefined:undefined:undefined:undefined":0,"s:59:8:65:Infinity":12,"b:59:12:59:35:59:35:59:79":1,"s:60:12:64:Infinity":13,"f:84:4:84:13":7,"b:85:8:162:Infinity:undefined:undefined:undefined:undefined":2,"s:85:8:162:Infinity":14,"b:87:12:89:Infinity:undefined:undefined:undefined:undefined":3,"s:87:12:89:Infinity":15,"s:88:16:88:Infinity":16,"s:92:12:160:Infinity":17,"b:123:25:123:67:123:67:123:Infinity:124:28:133:Infinity":4,"b:128:33:128:Infinity:129:36:131:Infinity":5,"s:164:8:164:Infinity":18,"f:171:16:171:Infinity":8,"s:175:4:181:Infinity":19,"f:175:20:175:38":9,"s:176:8:179:Infinity":20}}}
,"C:\\Users\\ucler\\Desktop\\TAV-egitim\\components\\FilterPanel.tsx": {"path":"C:\\Users\\ucler\\Desktop\\TAV-egitim\\components\\FilterPanel.tsx","statementMap":{"0":{"start":{"line":30,"column":55},"end":{"line":42,"column":null}},"1":{"start":{"line":44,"column":28},"end":{"line":61,"column":null}},"2":{"start":{"line":45,"column":4},"end":{"line":60,"column":null}},"3":{"start":{"line":47,"column":12},"end":{"line":47,"column":null}},"4":{"start":{"line":49,"column":12},"end":{"line":49,"column":null}},"5":{"start":{"line":51,"column":12},"end":{"line":51,"column":null}},"6":{"start":{"line":53,"column":12},"end":{"line":53,"column":null}},"7":{"start":{"line":55,"column":12},"end":{"line":55,"column":null}},"8":{"start":{"line":57,"column":12},"end":{"line":57,"column":null}},"9":{"start":{"line":59,"column":12},"end":{"line":59,"column":null}},"10":{"start":{"line":71,"column":36},"end":{"line":71,"column":null}},"11":{"start":{"line":72,"column":34},"end":{"line":76,"column":null}},"12":{"start":{"line":78,"column":10},"end":{"line":101,"column":null}},"13":{"start":{"line":79,"column":8},"end":{"line":79,"column":null}},"14":{"start":{"line":79,"column":53},"end":{"line":79,"column":null}},"15":{"start":{"line":81,"column":22},"end":{"line":81,"column":null}},"16":{"start":{"line":81,"column":41},"end":{"line":81,"column":66}},"17":{"start":{"line":82,"column":8},"end":{"line":82,"column":null}},"18":{"start":{"line":82,"column":20},"end":{"line":82,"column":null}},"19":{"start":{"line":84,"column":20},"end":{"line":84,"column":null}},"20":{"start":{"line":85,"column":8},"end":{"line":87,"column":null}},"21":{"start":{"line":86,"column":12},"end":{"line":86,"column":null}},"22":{"start":{"line":89,"column":36},"end":{"line":93,"column":null}},"23":{"start":{"line":95,"column":8},"end":{"line":95,"column":null}},"24":{"start":{"line":96,"column":8},"end":{"line":100,"column":null}},"25":{"start":{"line":103,"column":10},"end":{"line":108,"column":null}},"26":{"start":{"line":105,"column":12},"end":{"line":105,"column":null}},"27":{"start":{"line":105,"column":46},"end":{"line":105,"column":57}},"28":{"start":{"line":110,"column":10},"end":{"line":117,"column":null}},"29":{"start":{"line":112,"column":28},"end":{"line":112,"column":null}},"30":{"start":{"line":113,"column":12},"end":{"line":113,"column":null}},"31":{"start":{"line":114,"column":12},"end":{"line":114,"column":null}},"32":{"start":{"line":119,"column":26},"end":{"line":119,"column":null}},"33":{"start":{"line":119,"column":45},"end":{"line":119,"column":70}},"34":{"start":{"line":120,"column":31},"end":{"line":122,"column":null}},"35":{"start":{"line":124,"column":30},"end":{"line":218,"column":null}},"36":{"start":{"line":129,"column":8},"end":{"line":217,"column":null}},"37":{"start":{"line":131,"column":16},"end":{"line":144,"column":null}},"38":{"start":{"line":135,"column":41},"end":{"line":135,"column":null}},"39":{"start":{"line":140,"column":28},"end":{"line":142,"column":null}},"40":{"start":{"line":148,"column":16},"end":{"line":167,"column":null}},"41":{"start":{"line":154,"column":45},"end":{"line":156,"column":null}},"42":{"start":{"line":155,"column":39},"end":{"line":155,"column":null}},"43":{"start":{"line":157,"column":28},"end":{"line":157,"column":null}},"44":{"start":{"line":163,"column":28},"end":{"line":165,"column":null}},"45":{"start":{"line":171,"column":16},"end":{"line":180,"column":null}},"46":{"start":{"line":175,"column":41},"end":{"line":175,"column":null}},"47":{"start":{"line":184,"column":16},"end":{"line":192,"column":null}},"48":{"start":{"line":189,"column":41},"end":{"line":189,"column":null}},"49":{"start":{"line":196,"column":16},"end":{"line":203,"column":null}},"50":{"start":{"line":201,"column":41},"end":{"line":201,"column":null}},"51":{"start":{"line":207,"column":16},"end":{"line":215,"column":null}},"52":{"start":{"line":212,"column":41},"end":{"line":212,"column":null}},"53":{"start":{"line":220,"column":4},"end":{"line":400,"column":null}},"54":{"start":{"line":225,"column":31},"end":{"line":225,"column":null}},"55":{"start":{"line":276,"column":50},"end":{"line":276,"column":null}},"56":{"start":{"line":276,"column":69},"end":{"line":276,"column":91}},"57":{"start":{"line":277,"column":36},"end":{"line":310,"column":null}},"58":{"start":{"line":293,"column":63},"end":{"line":293,"column":null}},"59":{"start":{"line":328,"column":36},"end":{"line":333,"column":null}},"60":{"start":{"line":338,"column":36},"end":{"line":340,"column":null}},"61":{"start":{"line":349,"column":36},"end":{"line":352,"column":null}},"62":{"start":{"line":357,"column":36},"end":{"line":359,"column":null}},"63":{"start":{"line":367,"column":40},"end":{"line":367,"column":null}}},"fnMap":{"0":{"name":"(anonymous_0)","decl":{"start":{"line":44,"column":28},"end":{"line":44,"column":29}},"loc":{"start":{"line":44,"column":77},"end":{"line":61,"column":null}},"line":44},"1":{"name":"FilterPanel","decl":{"start":{"line":63,"column":16},"end":{"line":63,"column":28}},"loc":{"start":{"line":70,"column":21},"end":{"line":402,"column":null}},"line":70},"2":{"name":"(anonymous_2)","decl":{"start":{"line":78,"column":40},"end":{"line":78,"column":46}},"loc":{"start":{"line":78,"column":46},"end":{"line":101,"column":7}},"line":78},"3":{"name":"(anonymous_3)","decl":{"start":{"line":81,"column":34},"end":{"line":81,"column":35}},"loc":{"start":{"line":81,"column":41},"end":{"line":81,"column":66}},"line":81},"4":{"name":"(anonymous_4)","decl":{"start":{"line":104,"column":8},"end":{"line":104,"column":9}},"loc":{"start":{"line":104,"column":27},"end":{"line":106,"column":null}},"line":104},"5":{"name":"(anonymous_5)","decl":{"start":{"line":105,"column":36},"end":{"line":105,"column":37}},"loc":{"start":{"line":105,"column":46},"end":{"line":105,"column":57}},"line":105},"6":{"name":"(anonymous_6)","decl":{"start":{"line":111,"column":8},"end":{"line":111,"column":9}},"loc":{"start":{"line":111,"column":58},"end":{"line":115,"column":null}},"line":111},"7":{"name":"(anonymous_7)","decl":{"start":{"line":119,"column":38},"end":{"line":119,"column":39}},"loc":{"start":{"line":119,"column":45},"end":{"line":119,"column":70}},"line":119},"8":{"name":"(anonymous_8)","decl":{"start":{"line":124,"column":30},"end":{"line":124,"column":null}},"loc":{"start":{"line":128,"column":9},"end":{"line":218,"column":null}},"line":128},"9":{"name":"(anonymous_9)","decl":{"start":{"line":135,"column":34},"end":{"line":135,"column":35}},"loc":{"start":{"line":135,"column":41},"end":{"line":135,"column":null}},"line":135},"10":{"name":"(anonymous_10)","decl":{"start":{"line":139,"column":44},"end":{"line":139,"column":45}},"loc":{"start":{"line":140,"column":28},"end":{"line":142,"column":null}},"line":140},"11":{"name":"(anonymous_11)","decl":{"start":{"line":153,"column":34},"end":{"line":153,"column":35}},"loc":{"start":{"line":153,"column":41},"end":{"line":158,"column":null}},"line":153},"12":{"name":"(anonymous_12)","decl":{"start":{"line":155,"column":32},"end":{"line":155,"column":33}},"loc":{"start":{"line":155,"column":39},"end":{"line":155,"column":null}},"line":155},"13":{"name":"(anonymous_13)","decl":{"start":{"line":162,"column":44},"end":{"line":162,"column":45}},"loc":{"start":{"line":163,"column":28},"end":{"line":165,"column":null}},"line":163},"14":{"name":"(anonymous_14)","decl":{"start":{"line":175,"column":34},"end":{"line":175,"column":35}},"loc":{"start":{"line":175,"column":41},"end":{"line":175,"column":null}},"line":175},"15":{"name":"(anonymous_15)","decl":{"start":{"line":189,"column":34},"end":{"line":189,"column":35}},"loc":{"start":{"line":189,"column":41},"end":{"line":189,"column":null}},"line":189},"16":{"name":"(anonymous_16)","decl":{"start":{"line":201,"column":34},"end":{"line":201,"column":35}},"loc":{"start":{"line":201,"column":41},"end":{"line":201,"column":null}},"line":201},"17":{"name":"(anonymous_17)","decl":{"start":{"line":212,"column":34},"end":{"line":212,"column":35}},"loc":{"start":{"line":212,"column":41},"end":{"line":212,"column":null}},"line":212},"18":{"name":"(anonymous_18)","decl":{"start":{"line":225,"column":25},"end":{"line":225,"column":31}},"loc":{"start":{"line":225,"column":31},"end":{"line":225,"column":null}},"line":225},"19":{"name":"(anonymous_19)","decl":{"start":{"line":275,"column":45},"end":{"line":275,"column":46}},"loc":{"start":{"line":275,"column":64},"end":{"line":312,"column":33}},"line":275},"20":{"name":"(anonymous_20)","decl":{"start":{"line":276,"column":62},"end":{"line":276,"column":63}},"loc":{"start":{"line":276,"column":69},"end":{"line":276,"column":91}},"line":276},"21":{"name":"(anonymous_21)","decl":{"start":{"line":293,"column":57},"end":{"line":293,"column":63}},"loc":{"start":{"line":293,"column":63},"end":{"line":293,"column":null}},"line":293},"22":{"name":"(anonymous_22)","decl":{"start":{"line":327,"column":42},"end":{"line":327,"column":43}},"loc":{"start":{"line":328,"column":36},"end":{"line":333,"column":null}},"line":328},"23":{"name":"(anonymous_23)","decl":{"start":{"line":337,"column":44},"end":{"line":337,"column":45}},"loc":{"start":{"line":338,"column":36},"end":{"line":340,"column":null}},"line":338},"24":{"name":"(anonymous_24)","decl":{"start":{"line":348,"column":42},"end":{"line":348,"column":43}},"loc":{"start":{"line":349,"column":36},"end":{"line":352,"column":null}},"line":349},"25":{"name":"(anonymous_25)","decl":{"start":{"line":356,"column":56},"end":{"line":356,"column":57}},"loc":{"start":{"line":357,"column":36},"end":{"line":359,"column":null}},"line":357},"26":{"name":"(anonymous_26)","decl":{"start":{"line":366,"column":86},"end":{"line":366,"column":87}},"loc":{"start":{"line":367,"column":40},"end":{"line":367,"column":null}},"line":367}},"branchMap":{"0":{"loc":{"start":{"line":45,"column":4},"end":{"line":60,"column":null}},"type":"switch","locations":[{"start":{"line":46,"column":8},"end":{"line":47,"column":null}},{"start":{"line":48,"column":8},"end":{"line":49,"column":null}},{"start":{"line":50,"column":8},"end":{"line":51,"column":null}},{"start":{"line":52,"column":8},"end":{"line":53,"column":null}},{"start":{"line":54,"column":8},"end":{"line":55,"column":null}},{"start":{"line":56,"column":8},"end":{"line":57,"column":null}},{"start":{"line":58,"column":8},"end":{"line":59,"column":null}}],"line":45},"1":{"loc":{"start":{"line":69,"column":4},"end":{"line":69,"column":null}},"type":"default-arg","locations":[{"start":{"line":69,"column":14},"end":{"line":69,"column":null}}],"line":69},"2":{"loc":{"start":{"line":73,"column":15},"end":{"line":73,"column":null}},"type":"binary-expr","locations":[{"start":{"line":73,"column":15},"end":{"line":73,"column":33}},{"start":{"line":73,"column":33},"end":{"line":73,"column":null}}],"line":73},"3":{"loc":{"start":{"line":79,"column":8},"end":{"line":79,"column":null}},"type":"if","locations":[{"start":{"line":79,"column":8},"end":{"line":79,"column":null}},{"start":{},"end":{}}],"line":79},"4":{"loc":{"start":{"line":79,"column":12},"end":{"line":79,"column":53}},"type":"binary-expr","locations":[{"start":{"line":79,"column":12},"end":{"line":79,"column":32}},{"start":{"line":79,"column":32},"end":{"line":79,"column":53}}],"line":79},"5":{"loc":{"start":{"line":82,"column":8},"end":{"line":82,"column":null}},"type":"if","locations":[{"start":{"line":82,"column":8},"end":{"line":82,"column":null}},{"start":{},"end":{}}],"line":82},"6":{"loc":{"start":{"line":85,"column":8},"end":{"line":87,"column":null}},"type":"if","locations":[{"start":{"line":85,"column":8},"end":{"line":87,"column":null}},{"start":{},"end":{}}],"line":85},"7":{"loc":{"start":{"line":85,"column":12},"end":{"line":85,"column":66}},"type":"binary-expr","locations":[{"start":{"line":85,"column":12},"end":{"line":85,"column":39}},{"start":{"line":85,"column":39},"end":{"line":85,"column":66}}],"line":85},"8":{"loc":{"start":{"line":86,"column":20},"end":{"line":86,"column":null}},"type":"cond-expr","locations":[{"start":{"line":86,"column":35},"end":{"line":86,"column":39}},{"start":{"line":86,"column":39},"end":{"line":86,"column":null}}],"line":86},"9":{"loc":{"start":{"line":92,"column":19},"end":{"line":92,"column":null}},"type":"binary-expr","locations":[{"start":{"line":92,"column":19},"end":{"line":92,"column":28}},{"start":{"line":92,"column":28},"end":{"line":92,"column":null}}],"line":92},"10":{"loc":{"start":{"line":97,"column":19},"end":{"line":97,"column":null}},"type":"binary-expr","locations":[{"start":{"line":97,"column":19},"end":{"line":97,"column":37}},{"start":{"line":97,"column":37},"end":{"line":97,"column":null}}],"line":97},"11":{"loc":{"start":{"line":120,"column":31},"end":{"line":122,"column":null}},"type":"cond-expr","locations":[{"start":{"line":121,"column":10},"end":{"line":121,"column":null}},{"start":{"line":122,"column":10},"end":{"line":122,"column":null}}],"line":120},"12":{"loc":{"start":{"line":129,"column":8},"end":{"line":217,"column":null}},"type":"switch","locations":[{"start":{"line":130,"column":12},"end":{"line":144,"column":null}},{"start":{"line":147,"column":12},"end":{"line":167,"column":null}},{"start":{"line":170,"column":12},"end":{"line":180,"column":null}},{"start":{"line":183,"column":12},"end":{"line":192,"column":null}},{"start":{"line":195,"column":12},"end":{"line":203,"column":null}},{"start":{"line":206,"column":12},"end":{"line":215,"column":null}}],"line":129},"13":{"loc":{"start":{"line":134,"column":32},"end":{"line":134,"column":null}},"type":"binary-expr","locations":[{"start":{"line":134,"column":32},"end":{"line":134,"column":52}},{"start":{"line":134,"column":52},"end":{"line":134,"column":null}}],"line":134},"14":{"loc":{"start":{"line":152,"column":32},"end":{"line":152,"column":null}},"type":"binary-expr","locations":[{"start":{"line":152,"column":32},"end":{"line":152,"column":54}},{"start":{"line":152,"column":54},"end":{"line":152,"column":null}}],"line":152},"15":{"loc":{"start":{"line":160,"column":39},"end":{"line":160,"column":67}},"type":"binary-expr","locations":[{"start":{"line":160,"column":39},"end":{"line":160,"column":64}},{"start":{"line":160,"column":64},"end":{"line":160,"column":67}}],"line":160},"16":{"loc":{"start":{"line":188,"column":32},"end":{"line":188,"column":null}},"type":"binary-expr","locations":[{"start":{"line":188,"column":32},"end":{"line":188,"column":52}},{"start":{"line":188,"column":52},"end":{"line":188,"column":null}}],"line":188},"17":{"loc":{"start":{"line":189,"column":50},"end":{"line":189,"column":105}},"type":"cond-expr","locations":[{"start":{"line":189,"column":74},"end":{"line":189,"column":79}},{"start":{"line":189,"column":79},"end":{"line":189,"column":105}}],"line":189},"18":{"loc":{"start":{"line":200,"column":32},"end":{"line":200,"column":null}},"type":"binary-expr","locations":[{"start":{"line":200,"column":32},"end":{"line":200,"column":52}},{"start":{"line":200,"column":52},"end":{"line":200,"column":null}}],"line":200},"19":{"loc":{"start":{"line":211,"column":32},"end":{"line":211,"column":null}},"type":"binary-expr","locations":[{"start":{"line":211,"column":32},"end":{"line":211,"column":52}},{"start":{"line":211,"column":52},"end":{"line":211,"column":null}}],"line":211},"20":{"loc":{"start":{"line":242,"column":21},"end":{"line":245,"column":null}},"type":"binary-expr","locations":[{"start":{"line":242,"column":21},"end":{"line":242,"column":null}},{"start":{"line":243,"column":24},"end":{"line":245,"column":null}}],"line":242},"21":{"loc":{"start":{"line":250,"column":24},"end":{"line":250,"column":null}},"type":"cond-expr","locations":[{"start":{"line":250,"column":37},"end":{"line":250,"column":52}},{"start":{"line":250,"column":52},"end":{"line":250,"column":null}}],"line":250},"22":{"loc":{"start":{"line":266,"column":13},"end":{"line":398,"column":null}},"type":"binary-expr","locations":[{"start":{"line":266,"column":13},"end":{"line":266,"column":null}},{"start":{"line":267,"column":16},"end":{"line":398,"column":null}}],"line":266},"23":{"loc":{"start":{"line":269,"column":21},"end":{"line":314,"column":null}},"type":"binary-expr","locations":[{"start":{"line":269,"column":21},"end":{"line":269,"column":null}},{"start":{"line":270,"column":24},"end":{"line":314,"column":null}}],"line":269},"24":{"loc":{"start":{"line":287,"column":49},"end":{"line":289,"column":null}},"type":"cond-expr","locations":[{"start":{"line":288,"column":54},"end":{"line":288,"column":null}},{"start":{"line":289,"column":54},"end":{"line":289,"column":null}}],"line":287},"25":{"loc":{"start":{"line":365,"column":33},"end":{"line":368,"column":null}},"type":"binary-expr","locations":[{"start":{"line":365,"column":33},"end":{"line":365,"column":null}},{"start":{"line":366,"column":36},"end":{"line":368,"column":null}}],"line":365},"26":{"loc":{"start":{"line":374,"column":38},"end":{"line":374,"column":null}},"type":"binary-expr","locations":[{"start":{"line":374,"column":38},"end":{"line":374,"column":58}},{"start":{"line":374,"column":58},"end":{"line":374,"column":null}}],"line":374},"27":{"loc":{"start":{"line":388,"column":29},"end":{"line":388,"column":null}},"type":"cond-expr","locations":[{"start":{"line":388,"column":39},"end":{"line":388,"column":58}},{"start":{"line":388,"column":58},"end":{"line":388,"column":null}}],"line":388},"28":{"loc":{"start":{"line":392,"column":38},"end":{"line":392,"column":null}},"type":"binary-expr","locations":[{"start":{"line":392,"column":38},"end":{"line":392,"column":49}},{"start":{"line":392,"column":49},"end":{"line":392,"column":null}}],"line":392}},"s":{"0":1,"1":1,"2":24,"3":22,"4":0,"5":1,"6":0,"7":0,"8":1,"9":0,"10":24,"11":24,"12":24,"13":1,"14":0,"15":1,"16":1,"17":1,"18":0,"19":1,"20":1,"21":0,"22":1,"23":1,"24":1,"25":24,"26":1,"27":1,"28":24,"29":0,"30":0,"31":0,"32":24,"33":33,"34":24,"35":24,"36":13,"37":0,"38":0,"39":0,"40":0,"41":0,"42":0,"43":0,"44":0,"45":1,"46":0,"47":0,"48":0,"49":1,"50":0,"51":11,"52":1,"53":24,"54":9,"55":2,"56":2,"57":2,"58":1,"59":2,"60":78,"61":0,"62":63,"63":1},"f":{"0":24,"1":24,"2":1,"3":1,"4":1,"5":1,"6":0,"7":33,"8":13,"9":0,"10":0,"11":0,"12":0,"13":0,"14":0,"15":0,"16":0,"17":1,"18":9,"19":2,"20":2,"21":1,"22":2,"23":78,"24":0,"25":63,"26":1},"b":{"0":[22,0,1,0,0,1,0],"1":[24],"2":[24,0],"3":[0,1],"4":[1,1],"5":[0,1],"6":[0,1],"7":[1,0],"8":[0,0],"9":[1,0],"10":[1,0],"11":[24,0],"12":[0,0,1,0,1,11],"13":[0,0],"14":[0,0],"15":[0,0],"16":[0,0],"17":[0,0],"18":[1,1],"19":[11,10],"20":[24,5],"21":[13,11],"22":[24,13],"23":[13,2],"24":[0,2],"25":[13,13],"26":[13,13],"27":[1,12],"28":[13,12]},"meta":{"lastBranch":29,"lastFunction":27,"lastStatement":64,"seen":{"s:30:55:42:Infinity":0,"s:44:28:61:Infinity":1,"f:44:28:44:29":0,"b:46:8:47:Infinity:48:8:49:Infinity:50:8:51:Infinity:52:8:53:Infinity:54:8:55:Infinity:56:8:57:Infinity:58:8:59:Infinity":0,"s:45:4:60:Infinity":2,"s:47:12:47:Infinity":3,"s:49:12:49:Infinity":4,"s:51:12:51:Infinity":5,"s:53:12:53:Infinity":6,"s:55:12:55:Infinity":7,"s:57:12:57:Infinity":8,"s:59:12:59:Infinity":9,"f:63:16:63:28":1,"b:69:14:69:Infinity":1,"s:71:36:71:Infinity":10,"s:72:34:76:Infinity":11,"b:73:15:73:33:73:33:73:Infinity":2,"s:78:10:101:Infinity":12,"f:78:40:78:46":2,"b:79:8:79:Infinity:undefined:undefined:undefined:undefined":3,"s:79:8:79:Infinity":13,"b:79:12:79:32:79:32:79:53":4,"s:79:53:79:Infinity":14,"s:81:22:81:Infinity":15,"f:81:34:81:35":3,"s:81:41:81:66":16,"b:82:8:82:Infinity:undefined:undefined:undefined:undefined":5,"s:82:8:82:Infinity":17,"s:82:20:82:Infinity":18,"s:84:20:84:Infinity":19,"b:85:8:87:Infinity:undefined:undefined:undefined:undefined":6,"s:85:8:87:Infinity":20,"b:85:12:85:39:85:39:85:66":7,"s:86:12:86:Infinity":21,"b:86:35:86:39:86:39:86:Infinity":8,"s:89:36:93:Infinity":22,"b:92:19:92:28:92:28:92:Infinity":9,"s:95:8:95:Infinity":23,"s:96:8:100:Infinity":24,"b:97:19:97:37:97:37:97:Infinity":10,"s:103:10:108:Infinity":25,"f:104:8:104:9":4,"s:105:12:105:Infinity":26,"f:105:36:105:37":5,"s:105:46:105:57":27,"s:110:10:117:Infinity":28,"f:111:8:111:9":6,"s:112:28:112:Infinity":29,"s:113:12:113:Infinity":30,"s:114:12:114:Infinity":31,"s:119:26:119:Infinity":32,"f:119:38:119:39":7,"s:119:45:119:70":33,"s:120:31:122:Infinity":34,"b:121:10:121:Infinity:122:10:122:Infinity":11,"s:124:30:218:Infinity":35,"f:124:30:124:Infinity":8,"b:130:12:144:Infinity:147:12:167:Infinity:170:12:180:Infinity:183:12:192:Infinity:195:12:203:Infinity:206:12:215:Infinity":12,"s:129:8:217:Infinity":36,"s:131:16:144:Infinity":37,"b:134:32:134:52:134:52:134:Infinity":13,"f:135:34:135:35":9,"s:135:41:135:Infinity":38,"f:139:44:139:45":10,"s:140:28:142:Infinity":39,"s:148:16:167:Infinity":40,"b:152:32:152:54:152:54:152:Infinity":14,"f:153:34:153:35":11,"s:154:45:156:Infinity":41,"f:155:32:155:33":12,"s:155:39:155:Infinity":42,"s:157:28:157:Infinity":43,"b:160:39:160:64:160:64:160:67":15,"f:162:44:162:45":13,"s:163:28:165:Infinity":44,"s:171:16:180:Infinity":45,"f:175:34:175:35":14,"s:175:41:175:Infinity":46,"s:184:16:192:Infinity":47,"b:188:32:188:52:188:52:188:Infinity":16,"f:189:34:189:35":15,"s:189:41:189:Infinity":48,"b:189:74:189:79:189:79:189:105":17,"s:196:16:203:Infinity":49,"b:200:32:200:52:200:52:200:Infinity":18,"f:201:34:201:35":16,"s:201:41:201:Infinity":50,"s:207:16:215:Infinity":51,"b:211:32:211:52:211:52:211:Infinity":19,"f:212:34:212:35":17,"s:212:41:212:Infinity":52,"s:220:4:400:Infinity":53,"f:225:25:225:31":18,"s:225:31:225:Infinity":54,"b:242:21:242:Infinity:243:24:245:Infinity":20,"b:250:37:250:52:250:52:250:Infinity":21,"b:266:13:266:Infinity:267:16:398:Infinity":22,"b:269:21:269:Infinity:270:24:314:Infinity":23,"f:275:45:275:46":19,"s:276:50:276:Infinity":55,"f:276:62:276:63":20,"s:276:69:276:91":56,"s:277:36:310:Infinity":57,"b:288:54:288:Infinity:289:54:289:Infinity":24,"f:293:57:293:63":21,"s:293:63:293:Infinity":58,"f:327:42:327:43":22,"s:328:36:333:Infinity":59,"f:337:44:337:45":23,"s:338:36:340:Infinity":60,"f:348:42:348:43":24,"s:349:36:352:Infinity":61,"f:356:56:356:57":25,"s:357:36:359:Infinity":62,"b:365:33:365:Infinity:366:36:368:Infinity":25,"f:366:86:366:87":26,"s:367:40:367:Infinity":63,"b:374:38:374:58:374:58:374:Infinity":26,"b:388:39:388:58:388:58:388:Infinity":27,"b:392:38:392:49:392:49:392:Infinity":28}}}
[...]
ePersonnelList","decl":{"start":{"line":124,"column":16},"end":{"line":124,"column":33}},"loc":{"start":{"line":124,"column":65},"end":{"line":130,"column":null}},"line":124},"6":{"name":"(anonymous_6)","decl":{"start":{"line":127,"column":17},"end":{"line":127,"column":23}},"loc":{"start":{"line":127,"column":23},"end":{"line":127,"column":null}},"line":127},"7":{"name":"(anonymous_7)","decl":{"start":{"line":128,"column":25},"end":{"line":128,"column":26}},"loc":{"start":{"line":128,"column":43},"end":{"line":128,"column":null}},"line":128},"8":{"name":"usePersonnel","decl":{"start":{"line":132,"column":16},"end":{"line":132,"column":29}},"loc":{"start":{"line":132,"column":41},"end":{"line":138,"column":null}},"line":132},"9":{"name":"(anonymous_9)","decl":{"start":{"line":135,"column":17},"end":{"line":135,"column":23}},"loc":{"start":{"line":135,"column":23},"end":{"line":135,"column":null}},"line":135},"10":{"name":"useCreatePersonnel","decl":{"start":{"line":140,"column":16},"end":{"line":140,"column":37}},"loc":{"start":{"line":140,"column":37},"end":{"line":150,"column":null}},"line":140},"11":{"name":"(anonymous_11)","decl":{"start":{"line":145,"column":19},"end":{"line":145,"column":25}},"loc":{"start":{"line":145,"column":25},"end":{"line":148,"column":null}},"line":145},"12":{"name":"useUpdatePersonnel","decl":{"start":{"line":152,"column":16},"end":{"line":152,"column":37}},"loc":{"start":{"line":152,"column":37},"end":{"line":167,"column":null}},"line":152},"13":{"name":"(anonymous_13)","decl":{"start":{"line":156,"column":20},"end":{"line":156,"column":21}},"loc":{"start":{"line":157,"column":12},"end":{"line":157,"column":null}},"line":157},"14":{"name":"(anonymous_14)","decl":{"start":{"line":158,"column":19},"end":{"line":158,"column":20}},"loc":{"start":{"line":158,"column":37},"end":{"line":165,"column":null}},"line":158},"15":{"name":"useDeletePersonnel","decl":{"start":{"line":169,"column":16},"end":{"line":169,"column":37}},"loc":{"start":{"line":169,"column":37},"end":{"line":178,"column":null}},"line":169},"16":{"name":"(anonymous_16)","decl":{"start":{"line":174,"column":19},"end":{"line":174,"column":25}},"loc":{"start":{"line":174,"column":25},"end":{"line":176,"column":null}},"line":174}},"branchMap":{"0":{"loc":{"start":{"line":52,"column":4},"end":{"line":52,"column":null}},"type":"if","locations":[{"start":{"line":52,"column":4},"end":{"line":52,"column":null}},{"start":{},"end":{}}],"line":52},"1":{"loc":{"start":{"line":53,"column":4},"end":{"line":53,"column":null}},"type":"if","locations":[{"start":{"line":53,"column":4},"end":{"line":53,"column":null}},{"start":{},"end":{}}],"line":53},"2":{"loc":{"start":{"line":54,"column":4},"end":{"line":54,"column":null}},"type":"if","locations":[{"start":{"line":54,"column":4},"end":{"line":54,"column":null}},{"start":{},"end":{}}],"line":54},"3":{"loc":{"start":{"line":55,"column":4},"end":{"line":55,"column":null}},"type":"if","locations":[{"start":{"line":55,"column":4},"end":{"line":55,"column":null}},{"start":{},"end":{}}],"line":55},"4":{"loc":{"start":{"line":56,"column":4},"end":{"line":56,"column":null}},"type":"if","locations":[{"start":{"line":56,"column":4},"end":{"line":56,"column":null}},{"start":{},"end":{}}],"line":56},"5":{"loc":{"start":{"line":57,"column":4},"end":{"line":59,"column":null}},"type":"if","locations":[{"start":{"line":57,"column":4},"end":{"line":59,"column":null}},{"start":{},"end":{}}],"line":57},"6":{"loc":{"start":{"line":57,"column":8},"end":{"line":57,"column":71}},"type":"binary-expr","locations":[{"start":{"line":57,"column":8},"end":{"line":57,"column":35}},{"start":{"line":57,"column":35},"end":{"line":57,"column":71}}],"line":57},"7":{"loc":{"start":{"line":63,"column":4},"end":{"line":65,"column":null}},"type":"if","locations":[{"start":{"line":63,"column":4},"end":{"line":65,"column":null}},{"start":{},"end":{}}],"line":63},"8":{"loc":{"start":{"line":73,"column":4},"end":{"line":75,"column":null}},"type":"if","locations":[{"start":{"line":73,"column":4},"end":{"line":75,"column":null}},{"start":{},"end":{}}],"line":73},"9":{"loc":{"start":{"line":87,"column":4},"end":{"line":90,"column":null}},"type":"if","locations":[{"start":{"line":87,"column":4},"end":{"line":90,"column":null}},{"start":{},"end":{}}],"line":87},"10":{"loc":{"start":{"line":89,"column":24},"end":{"line":89,"column":66}},"type":"binary-expr","locations":[{"start":{"line":89,"column":24},"end":{"line":89,"column":41}},{"start":{"line":89,"column":41},"end":{"line":89,"column":66}}],"line":89},"11":{"loc":{"start":{"line":102,"column":4},"end":{"line":105,"column":null}},"type":"if","locations":[{"start":{"line":102,"column":4},"end":{"line":105,"column":null}},{"start":{},"end":{}}],"line":102},"12":{"loc":{"start":{"line":104,"column":24},"end":{"line":104,"column":66}},"type":"binary-expr","locations":[{"start":{"line":104,"column":24},"end":{"line":104,"column":41}},{"start":{"line":104,"column":41},"end":{"line":104,"column":66}}],"line":104},"13":{"loc":{"start":{"line":115,"column":4},"end":{"line":118,"column":null}},"type":"if","locations":[{"start":{"line":115,"column":4},"end":{"line":118,"column":null}},{"start":{},"end":{}}],"line":115},"14":{"loc":{"start":{"line":117,"column":24},"end":{"line":117,"column":62}},"type":"binary-expr","locations":[{"start":{"line":117,"column":24},"end":{"line":117,"column":41}},{"start":{"line":117,"column":41},"end":{"line":117,"column":62}}],"line":117},"15":{"loc":{"start":{"line":124,"column":33},"end":{"line":124,"column":65}},"type":"default-arg","locations":[{"start":{"line":124,"column":61},"end":{"line":124,"column":65}}],"line":124}},"s":{"0":3,"1":3,"2":3,"3":3,"4":1,"5":3,"6":1,"7":3,"8":1,"9":3,"10":1,"11":3,"12":1,"13":3,"14":3,"15":1,"16":2,"17":2,"18":2,"19":1,"20":1,"21":2,"22":2,"23":1,"24":1,"25":1,"26":1,"27":1,"28":0,"29":0,"30":1,"31":1,"32":1,"33":0,"34":0,"35":1,"36":6,"37":3,"38":15,"39":5,"40":2,"41":3,"42":3,"43":1,"44":2,"45":2,"46":1,"47":1,"48":1,"49":1,"50":1,"51":1},"f":{"0":3,"1":2,"2":2,"3":1,"4":1,"5":6,"6":3,"7":15,"8":5,"9":2,"10":3,"11":1,"12":2,"13":1,"14":1,"15":1,"16":1},"b":{"0":[3,0],"1":[1,2],"2":[1,2],"3":[1,2],"4":[1,2],"5":[1,2],"6":[3,1],"7":[1,2],"8":[1,1],"9":[1,1],"10":[1,0],"11":[0,1],"12":[0,0],"13":[0,1],"14":[0,0],"15":[6]},"meta":{"lastBranch":16,"lastFunction":17,"lastStatement":52,"seen":{"f:49:15:49:34":0,"s:50:19:50:Infinity":0,"b:52:4:52:Infinity:undefined:undefined:undefined:undefined":0,"s:52:4:52:Infinity":1,"s:52:22:52:Infinity":2,"b:53:4:53:Infinity:undefined:undefined:undefined:undefined":1,"s:53:4:53:Infinity":3,"s:53:23:53:Infinity":4,"b:54:4:54:Infinity:undefined:undefined:undefined:undefined":2,"s:54:4:54:Infinity":5,"s:54:23:54:Infinity":6,"b:55:4:55:Infinity:undefined:undefined:undefined:undefined":3,"s:55:4:55:Infinity":7,"s:55:24:55:Infinity":8,"b:56:4:56:Infinity:undefined:undefined:undefined:undefined":4,"s:56:4:56:Infinity":9,"s:56:27:56:Infinity":10,"b:57:4:59:Infinity:undefined:undefined:undefined:undefined":5,"s:57:4:59:Infinity":11,"b:57:8:57:35:57:35:57:71":6,"s:58:8:58:Infinity":12,"s:61:21:61:Infinity":13,"b:63:4:65:Infinity:undefined:undefined:undefined:undefined":7,"s:63:4:65:Infinity":14,"s:64:8:64:Infinity":15,"s:67:4:67:Infinity":16,"f:70:15:70:34":1,"s:71:21:71:Infinity":17,"b:73:4:75:Infinity:undefined:undefined:undefined:undefined":8,"s:73:4:75:Infinity":18,"s:74:8:74:Infinity":19,"s:77:4:77:Infinity":20,"f:80:15:80:31":2,"s:81:21:85:Infinity":21,"b:87:4:90:Infinity:undefined:undefined:undefined:undefined":9,"s:87:4:90:Infinity":22,"s:88:22:88:Infinity":23,"s:89:8:89:Infinity":24,"b:89:24:89:41:89:41:89:66":10,"s:92:4:92:Infinity":25,"f:95:15:95:31":3,"s:96:21:100:Infinity":26,"b:102:4:105:Infinity:undefined:undefined:undefined:undefined":11,"s:102:4:105:Infinity":27,"s:103:22:103:Infinity":28,"s:104:8:104:Infinity":29,"b:104:24:104:41:104:41:104:66":12,"s:107:4:107:Infinity":30,"f:110:15:110:31":4,"s:111:21:113:Infinity":31,"b:115:4:118:Infinity:undefined:undefined:undefined:undefined":13,"s:115:4:118:Infinity":32,"s:116:22:116:Infinity":33,"s:117:8:117:Infinity":34,"b:117:24:117:41:117:41:117:62":14,"s:120:4:120:Infinity":35,"f:124:16:124:33":5,"b:124:61:124:65":15,"s:125:4:129:Infinity":36,"f:127:17:127:23":6,"s:127:23:127:Infinity":37,"f:128:25:128:26":7,"s:128:43:128:Infinity":38,"f:132:16:132:29":8,"s:133:4:137:Infinity":39,"f:135:17:135:23":9,"s:135:23:135:Infinity":40,"f:140:16:140:37":10,"s:141:10:141:Infinity":41,"s:143:4:149:Infinity":42,"f:145:19:145:25":11,"s:147:12:147:Infinity":43,"f:152:16:152:37":12,"s:153:10:153:Infinity":44,"s:155:4:166:Infinity":45,"f:156:20:156:21":13,"s:157:12:157:Infinity":46,"f:158:19:158:20":14,"s:160:12:162:Infinity":47,"s:164:12:164:Infinity":48,"f:169:16:169:37":15,"s:170:10:170:Infinity":49,"s:172:4:177:Infinity":50,"f:174:19:174:25":16,"s:175:12:175:Infinity":51}}}
,"C:\\Users\\ucler\\Desktop\\TAV-egitim\\lib\\hooks\\useTrainings.ts": {"path":"C:\\Users\\ucler\\Desktop\\TAV-egitim\\lib\\hooks\\useTrainings.ts","statementMap":{"0":{"start":{"line":38,"column":21},"end":{"line":38,"column":null}},"1":{"start":{"line":40,"column":4},"end":{"line":42,"column":null}},"2":{"start":{"line":41,"column":8},"end":{"line":41,"column":null}},"3":{"start":{"line":44,"column":4},"end":{"line":44,"column":null}},"4":{"start":{"line":48,"column":21},"end":{"line":48,"column":null}},"5":{"start":{"line":50,"column":4},"end":{"line":52,"column":null}},"6":{"start":{"line":51,"column":8},"end":{"line":51,"column":null}},"7":{"start":{"line":54,"column":4},"end":{"line":54,"column":null}},"8":{"start":{"line":58,"column":21},"end":{"line":58,"column":null}},"9":{"start":{"line":60,"column":4},"end":{"line":62,"column":null}},"10":{"start":{"line":61,"column":8},"end":{"line":61,"column":null}},"11":{"start":{"line":64,"column":4},"end":{"line":64,"column":null}},"12":{"start":{"line":68,"column":21},"end":{"line":72,"column":null}},"13":{"start":{"line":74,"column":4},"end":{"line":77,"column":null}},"14":{"start":{"line":75,"column":22},"end":{"line":75,"column":null}},"15":{"start":{"line":76,"column":8},"end":{"line":76,"column":null}},"16":{"start":{"line":79,"column":4},"end":{"line":79,"column":null}},"17":{"start":{"line":83,"column":21},"end":{"line":87,"column":null}},"18":{"start":{"line":89,"column":4},"end":{"line":92,"column":null}},"19":{"start":{"line":90,"column":22},"end":{"line":90,"column":null}},"20":{"start":{"line":91,"column":8},"end":{"line":91,"column":null}},"21":{"start":{"line":94,"column":4},"end":{"line":94,"column":null}},"22":{"start":{"line":98,"column":21},"end":{"line":100,"column":null}},"23":{"start":{"line":102,"column":4},"end":{"line":105,"column":null}},"24":{"start":{"line":103,"column":22},"end":{"line":103,"column":null}},"25":{"start":{"line":104,"column":8},"end":{"line":104,"column":null}},"26":{"start":{"line":107,"column":4},"end":{"line":107,"column":null}},"27":{"start":{"line":112,"column":4},"end":{"line":116,"column":null}},"28":{"start":{"line":120,"column":4},"end":{"line":124,"column":null}},"29":{"start":{"line":122,"column":23},"end":{"line":122,"column":null}},"30":{"start":{"line":128,"column":4},"end":{"line":132,"column":null}},"31":{"start":{"line":130,"column":23},"end":{"line":130,"column":null}},"32":{"start":{"line":136,"column":10},"end":{"line":136,"column":null}},"33":{"start":{"line":138,"column":4},"end":{"line":143,"column":null}},"34":{"start":{"line":141,"column":12},"end":{"line":141,"column":null}},"35":{"start":{"line":147,"column":10},"end":{"line":147,"column":null}},"36":{"start":{"line":149,"column":4},"end":{"line":158,"column":null}},"37":{"start":{"line":151,"column":12},"end":{"line":151,"column":null}},"38":{"start":{"line":153,"column":12},"end":{"line":155,"column":null}},"39":{"start":{"line":156,"column":12},"end":{"line":156,"column":null}},"40":{"start":{"line":162,"column":10},"end":{"line":162,"column":null}},"41":{"start":{"line":164,"column":4},"end":{"line":169,"column":null}},"42":{"start":{"line":167,"column":12},"end":{"line":167,"column":null}}},"fnMap":{"0":{"name":"fetchTrainingsList","decl":{"start":{"line":37,"column":15},"end":{"line":37,"column":67}},"loc":{"start":{"line":37,"column":67},"end":{"line":45,"column":null}},"line":37},"1":{"name":"fetchTrainingById","decl":{"start":{"line":47,"column":15},"end":{"line":47,"column":33}},"loc":{"start":{"line":47,"column":92},"end":{"line":55,"column":null}},"line":47},"2":{"name":"fetchTrainingTopics","decl":{"start":{"line":57,"column":15},"end":{"line":57,"column":35}},"loc":{"start":{"line":57,"column":109},"end":{"line":65,"column":null}},"line":57},"3":{"name":"createTraining","decl":{"start":{"line":67,"column":15},"end":{"line":67,"column":30}},"loc":{"start":{"line":67,"column":102},"end":{"line":80,"column":null}},"line":67},"4":{"name":"updateTraining","decl":{"start":{"line":82,"column":15},"end":{"line":82,"column":30}},"loc":{"start":{"line":82,"column":114},"end":{"line":95,"column":null}},"line":82},"5":{"name":"deleteTraining","decl":{"start":{"line":97,"column":15},"end":{"line":97,"column":30}},"loc":{"start":{"line":97,"column":73},"end":{"line":108,"column":null}},"line":97},"6":{"name":"useTrainings","decl":{"start":{"line":111,"column":16},"end":{"line":111,"column":31}},"loc":{"start":{"line":111,"column":31},"end":{"line":117,"column":null}},"line":111},"7":{"name":"useTraining","decl":{"start":{"line":119,"column":16},"end":{"line":119,"column":28}},"loc":{"start":{"line":119,"column":40},"end":{"line":125,"column":null}},"line":119},"8":{"name":"(anonymous_8)","decl":{"start":{"line":122,"column":17},"end":{"line":122,"column":23}},"loc":{"start":{"line":122,"column":23},"end":{"line":122,"column":null}},"line":122},"9":{"name":"useTrainingTopics","decl":{"start":{"line":127,"column":16},"end":{"line":127,"column":34}},"loc":{"start":{"line":127,"column":54},"end":{"line":133,"column":null}},"line":127},"10":{"name":"(anonymous_10)","decl":{"start":{"line":130,"column":17},"end":{"line":130,"column":23}},"loc":{"start":{"line":130,"column":23},"end":{"line":130,"column":null}},"line":130},"11":{"name":"useCreateTraining","decl":{"start":{"line":135,"column":16},"end":{"line":135,"column":36}},"loc":{"start":{"line":135,"column":36},"end":{"line":144,"column":null}},"line":135},"12":{"name":"(anonymous_12)","decl":{"start":{"line":140,"column":19},"end":{"line":140,"column":25}},"loc":{"start":{"line":140,"column":25},"end":{"line":142,"column":null}},"line":140},"13":{"name":"useUpdateTraining","decl":{"start":{"line":146,"column":16},"end":{"line":146,"column":36}},"loc":{"start":{"line":146,"column":36},"end":{"line":159,"column":null}},"line":146},"14":{"name":"(anonymous_14)","decl":{"start":{"line":150,"column":20},"end":{"line":150,"column":21}},"loc":{"start":{"line":151,"column":12},"end":{"line":151,"column":null}},"line":151},"15":{"name":"(anonymous_15)","decl":{"start":{"line":152,"column":19},"end":{"line":152,"column":20}},"loc":{"start":{"line":152,"column":37},"end":{"line":157,"column":null}},"line":152},"16":{"name":"useDeleteTraining","decl":{"start":{"line":161,"column":16},"end":{"line":161,"column":36}},"loc":{"start":{"line":161,"column":36},"end":{"line":170,"column":null}},"line":161},"17":{"name":"(anonymous_17)","decl":{"start":{"line":166,"column":19},"end":{"line":166,"column":25}},"loc":{"start":{"line":166,"column":25},"end":{"line":168,"column":null}},"line":166}},"branchMap":{"0":{"loc":{"start":{"line":40,"column":4},"end":{"line":42,"column":null}},"type":"if","locations":[{"start":{"line":40,"column":4},"end":{"line":42,"column":null}},{"start":{},"end":{}}],"line":40},"1":{"loc":{"start":{"line":50,"column":4},"end":{"line":52,"column":null}},"type":"if","locations":[{"start":{"line":50,"column":4},"end":{"line":52,"column":null}},{"start":{},"end":{}}],"line":50},"2":{"loc":{"start":{"line":60,"column":4},"end":{"line":62,"column":null}},"type":"if","locations":[{"start":{"line":60,"column":4},"end":{"line":62,"column":null}},{"start":{},"end":{}}],"line":60},"3":{"loc":{"start":{"line":74,"column":4},"end":{"line":77,"column":null}},"type":"if","locations":[{"start":{"line":74,"column":4},"end":{"line":77,"column":null}},{"start":{},"end":{}}],"line":74},"4":{"loc":{"start":{"line":76,"column":24},"end":{"line":76,"column":64}},"type":"binary-expr","locations":[{"start":{"line":76,"column":24},"end":{"line":76,"column":41}},{"start":{"line":76,"column":41},"end":{"line":76,"column":64}}],"line":76},"5":{"loc":{"start":{"line":89,"column":4},"end":{"line":92,"column":null}},"type":"if","locations":[{"start":{"line":89,"column":4},"end":{"line":92,"column":null}},{"start":{},"end":{}}],"line":89},"6":{"loc":{"start":{"line":91,"column":24},"end":{"line":91,"column":64}},"type":"binary-expr","locations":[{"start":{"line":91,"column":24},"end":{"line":91,"column":41}},{"start":{"line":91,"column":41},"end":{"line":91,"column":64}}],"line":91},"7":{"loc":{"start":{"line":102,"column":4},"end":{"line":105,"column":null}},"type":"if","locations":[{"start":{"line":102,"column":4},"end":{"line":105,"column":null}},{"start":{},"end":{}}],"line":102},"8":{"loc":{"start":{"line":104,"column":24},"end":{"line":104,"column":60}},"type":"binary-expr","locations":[{"start":{"line":104,"column":24},"end":{"line":104,"column":41}},{"start":{"line":104,"column":41},"end":{"line":104,"column":60}}],"line":104}},"s":{"0":2,"1":2,"2":1,"3":1,"4":1,"5":1,"6":0,"7":1,"8":1,"9":1,"10":1,"11":0,"12":2,"13":2,"14":1,"15":1,"16":1,"17":2,"18":2,"19":1,"20":1,"21":1,"22":2,"23":2,"24":1,"25":1,"26":1,"27":4,"28":3,"29":1,"30":2,"31":1,"32":3,"33":3,"34":1,"35":3,"36":3,"37":2,"38":1,"39":1,"40":2,"41":2,"42":1},"f":{"0":2,"1":1,"2":1,"3":2,"4":2,"5":2,"6":4,"7":3,"8":1,"9":2,"10":1,"11":3,"12":1,"13":3,"14":2,"15":1,"16":2,"17":1},"b":{"0":[1,1],"1":[0,1],"2":[1,0],"3":[1,1],"4":[1,0],"5":[1,1],"6":[1,1],"7":[1,1],"8":[1,1]},"meta":{"lastBranch":9,"lastFunction":18,"lastStatement":43,"seen":{"f:37:15:37:67":0,"s:38:21:38:Infinity":0,"b:40:4:42:Infinity:undefined:undefined:undefined:undefined":0,"s:40:4:42:Infinity":1,"s:41:8:41:Infinity":2,"s:44:4:44:Infinity":3,"f:47:15:47:33":1,"s:48:21:48:Infinity":4,"b:50:4:52:Infinity:undefined:undefined:undefined:undefined":1,"s:50:4:52:Infinity":5,"s:51:8:51:Infinity":6,"s:54:4:54:Infinity":7,"f:57:15:57:35":2,"s:58:21:58:Infinity":8,"b:60:4:62:Infinity:undefined:undefined:undefined:undefined":2,"s:60:4:62:Infinity":9,"s:61:8:61:Infinity":10,"s:64:4:64:Infinity":11,"f:67:15:67:30":3,"s:68:21:72:Infinity":12,"b:74:4:77:Infinity:undefined:undefined:undefined:undefined":3,"s:74:4:77:Infinity":13,"s:75:22:75:Infinity":14,"s:76:8:76:Infinity":15,"b:76:24:76:41:76:41:76:64":4,"s:79:4:79:Infinity":16,"f:82:15:82:30":4,"s:83:21:87:Infinity":17,"b:89:4:92:Infinity:undefined:undefined:undefined:undefined":5,"s:89:4:92:Infinity":18,"s:90:22:90:Infinity":19,"s:91:8:91:Infinity":20,"b:91:24:91:41:91:41:91:64":6,"s:94:4:94:Infinity":21,"f:97:15:97:30":5,"s:98:21:100:Infinity":22,"b:102:4:105:Infinity:undefined:undefined:undefined:undefined":7,"s:102:4:105:Infinity":23,"s:103:22:103:Infinity":24,"s:104:8:104:Infinity":25,"b:104:24:104:41:104:41:104:60":8,"s:107:4:107:Infinity":26,"f:111:16:111:31":6,"s:112:4:116:Infinity":27,"f:119:16:119:28":7,"s:120:4:124:Infinity":28,"f:122:17:122:23":8,"s:122:23:122:Infinity":29,"f:127:16:127:34":9,"s:128:4:132:Infinity":30,"f:130:17:130:23":10,"s:130:23:130:Infinity":31,"f:135:16:135:36":11,"s:136:10:136:Infinity":32,"s:138:4:143:Infinity":33,"f:140:19:140:25":12,"s:141:12:141:Infinity":34,"f:146:16:146:36":13,"s:147:10:147:Infinity":35,"s:149:4:158:Infinity":36,"f:150:20:150:21":14,"s:151:12:151:Infinity":37,"f:152:19:152:20":15,"s:153:12:155:Infinity":38,"s:156:12:156:Infinity":39,"f:161:16:161:36":16,"s:162:10:162:Infinity":40,"s:164:4:169:Infinity":41,"f:166:19:166:25":17,"s:167:12:167:Infinity":42}}}
}
